GET - /api/posts - Sat, 30 Sep 2023 08:45:41 GMT - 2.198 ms
GET - /api/post/undefined - Sat, 30 Sep 2023 08:45:43 GMT - 0.623 ms
GET - /api/posts - Sat, 30 Sep 2023 08:45:45 GMT - 0.305 ms
GET - /api/post/undefined - Sat, 30 Sep 2023 08:45:46 GMT - 0.456 ms
GET - /api/posts - Sat, 30 Sep 2023 08:45:51 GMT - 0.251 ms
GET - /api/post/undefined - Sat, 30 Sep 2023 08:45:52 GMT - 0.256 ms
GET - /api/posts - Sat, 30 Sep 2023 08:45:54 GMT - 0.306 ms
GET - /api/post/undefined - Sat, 30 Sep 2023 08:45:54 GMT - 0.391 ms
GET - /api/posts - Sat, 30 Sep 2023 08:45:55 GMT - 0.327 ms
GET - /api/post/undefined - Sat, 30 Sep 2023 08:45:56 GMT - 0.437 ms
GET - /api/posts - Sat, 30 Sep 2023 08:46:12 GMT - 0.546 ms
GET - /api/posts - Sat, 30 Sep 2023 08:46:15 GMT - 0.248 ms
GET - /api/posts - Sat, 30 Sep 2023 08:48:35 GMT - 1.102 ms
GET - /api/posts - Sat, 30 Sep 2023 08:48:40 GMT - 0.275 ms
GET - /api/post/undefined - Sat, 30 Sep 2023 08:48:43 GMT - 0.531 ms
GET - /api/posts - Sat, 30 Sep 2023 08:48:44 GMT - 0.248 ms
GET - /api/posts - Sat, 30 Sep 2023 08:50:20 GMT - 1.581 ms
GET - /api/post/undefined - Sat, 30 Sep 2023 08:50:24 GMT - 1.347 ms
GET - /api/posts - Sat, 30 Sep 2023 08:50:27 GMT - 0.309 ms
GET - /api/post/undefined - Sat, 30 Sep 2023 08:50:27 GMT - 0.571 ms
GET - /api/posts - Sat, 30 Sep 2023 08:50:28 GMT - 0.283 ms
GET - /api/post/undefined - Sat, 30 Sep 2023 08:50:29 GMT - 0.258 ms
GET - /api/posts - Sat, 30 Sep 2023 08:50:30 GMT - 0.243 ms
GET - /api/posts - Sat, 30 Sep 2023 08:51:25 GMT - 1.852 ms
GET - /api/post/1 - Sat, 30 Sep 2023 08:51:27 GMT - 0.735 ms
GET - /api/posts - Sat, 30 Sep 2023 08:51:28 GMT - 0.281 ms
GET - /api/post/2 - Sat, 30 Sep 2023 08:51:29 GMT - 0.339 ms
GET - /api/posts - Sat, 30 Sep 2023 08:51:30 GMT - 0.268 ms
GET - /signup - Sat, 30 Sep 2023 09:16:08 GMT - 2.100 ms
GET - /signup - Sat, 30 Sep 2023 09:17:46 GMT - 333.816 ms
GET - /api/posts - Sat, 30 Sep 2023 09:17:48 GMT - 1.592 ms
GET - /admin/signup - Sat, 30 Sep 2023 09:17:56 GMT - 647.770 ms
GET - /assets/js/main.signup.js - Sat, 30 Sep 2023 09:17:56 GMT - 20.621 ms
GET - /admin/signup - Sat, 30 Sep 2023 09:21:00 GMT - 107.524 ms
GET - /assets/js/main.signup.js - Sat, 30 Sep 2023 09:21:00 GMT - 18.857 ms
GET - /admin/signup - Sat, 30 Sep 2023 09:21:01 GMT - 10.498 ms
GET - /assets/js/main.signup.js - Sat, 30 Sep 2023 09:21:01 GMT - 0.593 ms
GET - /admin/signup - Sat, 30 Sep 2023 09:22:00 GMT - 13.031 ms
GET - /assets/js/main.signup.js - Sat, 30 Sep 2023 09:22:00 GMT - 1.646 ms
POST - /admin/signup - Sat, 30 Sep 2023 09:22:42 GMT - 154.776 ms
GET - /admin/login - Sat, 30 Sep 2023 09:22:42 GMT - 19.885 ms
GET - /admin/signup - Thu, 13 Jun 2024 09:41:53 GMT - 1854.694 ms
GET - /assets/js/main.signup.js - Thu, 13 Jun 2024 09:41:53 GMT - 13.677 ms
POST - /admin/signup - Thu, 13 Jun 2024 09:42:11 GMT - 158.792 ms
GET - /admin/login - Thu, 13 Jun 2024 09:42:11 GMT - 24.939 ms
POST - /admin/login - Thu, 13 Jun 2024 09:42:39 GMT - 0.965 ms
GET - /admin/login - Thu, 13 Jun 2024 09:42:39 GMT - 6.481 ms
POST - /admin/login - Thu, 13 Jun 2024 09:42:55 GMT - 0.508 ms
GET - /admin/login - Thu, 13 Jun 2024 09:42:55 GMT - 6.746 ms
POST - /admin/login - Thu, 13 Jun 2024 09:49:03 GMT - 223.532 ms
GET - /admin/dashboard - Thu, 13 Jun 2024 09:49:04 GMT - 233.218 ms
GET - /admin/signup - Thu, 13 Jun 2024 11:21:26 GMT - 198.153 ms
GET - /assets/js/main.signup.js - Thu, 13 Jun 2024 11:21:27 GMT - 1.629 ms
POST - /admin/signup - Thu, 13 Jun 2024 11:22:30 GMT - 181.773 ms
GET - /admin/login - Thu, 13 Jun 2024 11:22:30 GMT - 18.528 ms
POST - /admin/login - Thu, 13 Jun 2024 11:22:58 GMT - 248.988 ms
GET - /admin/dashboard - Thu, 13 Jun 2024 11:22:58 GMT - 55.150 ms
GET - /admin/dashboard - Thu, 13 Jun 2024 11:26:44 GMT - 3.614 ms
GET - /admin/login - Thu, 13 Jun 2024 11:26:45 GMT - 127.695 ms
POST - /admin/login - Thu, 13 Jun 2024 11:26:59 GMT - 238.132 ms
GET - /admin/dashboard - Thu, 13 Jun 2024 11:26:59 GMT - 52.039 ms
GET - /admin/logout - Thu, 13 Jun 2024 11:28:12 GMT - 0.623 ms
GET - /admin/login - Thu, 13 Jun 2024 11:28:12 GMT - 7.303 ms
POST - /admin/login - Thu, 13 Jun 2024 11:28:20 GMT - 45.307 ms
GET - /admin/login - Thu, 13 Jun 2024 11:28:20 GMT - 13.511 ms
GET - /admin/signup - Thu, 13 Jun 2024 11:55:46 GMT - 158.490 ms
GET - /assets/js/main.signup.js - Thu, 13 Jun 2024 11:55:46 GMT - 1.284 ms
POST - /admin/signup - Thu, 13 Jun 2024 11:56:47 GMT - 226.174 ms
GET - /admin/login - Thu, 13 Jun 2024 11:56:47 GMT - 9.407 ms
GET - /admin/signup - Thu, 13 Jun 2024 11:57:50 GMT - 10.078 ms
GET - /assets/js/main.signup.js - Thu, 13 Jun 2024 11:57:50 GMT - 0.978 ms
POST - /admin/signup - Thu, 13 Jun 2024 11:58:16 GMT - 109.108 ms
GET - /admin/login - Thu, 13 Jun 2024 11:58:16 GMT - 7.224 ms
GET - /admin/signup - Thu, 13 Jun 2024 12:13:47 GMT - 189.272 ms
GET - /assets/js/main.signup.js - Thu, 13 Jun 2024 12:13:47 GMT - 1.442 ms
POST - /admin/signup - Thu, 13 Jun 2024 12:14:37 GMT - 149.499 ms
GET - /admin/login - Thu, 13 Jun 2024 12:14:37 GMT - 19.355 ms
POST - /admin/login - Thu, 13 Jun 2024 12:15:26 GMT - 168.110 ms
GET - /admin/dashboard - Thu, 13 Jun 2024 12:15:26 GMT - 33.651 ms
GET - /admin/dashboard - Thu, 13 Jun 2024 12:16:42 GMT - 14.778 ms
GET - /admin/dashboard - Thu, 13 Jun 2024 12:16:46 GMT - 22.761 ms
GET - /admin/dashboard - Thu, 13 Jun 2024 12:16:47 GMT - 10.769 ms
GET - /admin/dashboard - Thu, 13 Jun 2024 12:18:24 GMT - 15.498 ms
GET - /admin/dashboard - Thu, 13 Jun 2024 12:19:02 GMT - 14.178 ms
GET - /admin/dashboard - Thu, 13 Jun 2024 12:19:03 GMT - 10.553 ms
GET - /admin/dashboard - Thu, 13 Jun 2024 12:19:20 GMT - 10.844 ms
GET - /admin/dashboard - Thu, 13 Jun 2024 12:19:36 GMT - 12.517 ms
GET - /admin/dashboard - Thu, 13 Jun 2024 12:19:40 GMT - 7.008 ms
GET - /admin/dashboard - Thu, 13 Jun 2024 12:19:53 GMT - 10.919 ms
GET - /admin/dashboard - Thu, 13 Jun 2024 12:20:09 GMT - 9.783 ms
GET - /admin/logout - Thu, 13 Jun 2024 12:41:05 GMT - 3.829 ms
GET - /admin/login - Thu, 13 Jun 2024 12:41:08 GMT - 2894.586 ms
GET - /admin/signup - Thu, 13 Jun 2024 12:41:11 GMT - 20.676 ms
GET - /assets/js/main.signup.js - Thu, 13 Jun 2024 12:41:11 GMT - 1.367 ms
POST - /admin/signup - Thu, 13 Jun 2024 12:41:27 GMT - 152.463 ms
GET - /admin/login - Thu, 13 Jun 2024 12:41:27 GMT - 11.617 ms
POST - /admin/login - Thu, 13 Jun 2024 12:41:44 GMT - 211.505 ms
GET - /admin/dashboard - Thu, 13 Jun 2024 12:41:44 GMT - 35.300 ms
GET - /admin/dashboard - Thu, 13 Jun 2024 12:42:27 GMT - 24.381 ms
GET - /admin/dashboard - Thu, 13 Jun 2024 12:46:18 GMT - 2.589 ms
GET - /admin/login - Thu, 13 Jun 2024 12:46:18 GMT - 172.894 ms
POST - /admin/login - Thu, 13 Jun 2024 12:46:25 GMT - 207.800 ms
GET - /admin/dashboard - Thu, 13 Jun 2024 12:46:25 GMT - 37.691 ms
GET - /admin/dashboard - Thu, 13 Jun 2024 12:55:36 GMT - 2.945 ms
GET - /admin/login - Thu, 13 Jun 2024 12:55:36 GMT - 134.350 ms
POST - /admin/login - Thu, 13 Jun 2024 12:55:53 GMT - 176.512 ms
GET - /admin/dashboard - Thu, 13 Jun 2024 12:55:53 GMT - 26.934 ms
GET - /admin/dashboard - Thu, 13 Jun 2024 12:57:38 GMT - 2.226 ms
GET - /admin/login - Thu, 13 Jun 2024 12:57:38 GMT - 142.381 ms
POST - /admin/login - Thu, 13 Jun 2024 12:57:43 GMT - 182.932 ms
GET - /admin/dashboard - Thu, 13 Jun 2024 12:57:43 GMT - 22.296 ms
GET - /admin/delete - Thu, 13 Jun 2024 12:57:45 GMT - 1.622 ms
GET - /admin/logout - Thu, 13 Jun 2024 12:59:57 GMT - 4.140 ms
GET - /admin/login - Thu, 13 Jun 2024 12:59:57 GMT - 268.674 ms
POST - /admin/login - Thu, 13 Jun 2024 13:00:03 GMT - 260.427 ms
GET - /admin/dashboard - Thu, 13 Jun 2024 13:00:03 GMT - 51.268 ms
GET - /admin/delete - Thu, 13 Jun 2024 13:00:12 GMT - 2.694 ms
GET - /admin/login - Thu, 13 Jun 2024 13:00:12 GMT - 9.368 ms
POST - /admin/login - Thu, 13 Jun 2024 13:00:32 GMT - 176.250 ms
GET - /admin/dashboard - Thu, 13 Jun 2024 13:00:32 GMT - 15.359 ms
GET - /admin/delete - Thu, 13 Jun 2024 13:01:25 GMT - 3.851 ms
GET - /admin/dashboard - Thu, 13 Jun 2024 13:03:16 GMT - 2.348 ms
GET - /admin/login - Thu, 13 Jun 2024 13:03:16 GMT - 134.997 ms
POST - /admin/login - Thu, 13 Jun 2024 13:03:22 GMT - 255.161 ms
GET - /admin/dashboard - Thu, 13 Jun 2024 13:03:22 GMT - 62.079 ms
GET - /admin/dashboard - Thu, 13 Jun 2024 13:07:09 GMT - 3.003 ms
GET - /admin/login - Thu, 13 Jun 2024 13:07:09 GMT - 127.743 ms
POST - /admin/login - Thu, 13 Jun 2024 13:07:14 GMT - 238.467 ms
GET - /admin/dashboard - Thu, 13 Jun 2024 13:07:14 GMT - 45.413 ms
GET - /admin/delete - Thu, 13 Jun 2024 13:07:40 GMT - - ms
GET - /admin/dashboard - Thu, 13 Jun 2024 13:07:41 GMT - 20.887 ms
GET - /admin/delete - Thu, 13 Jun 2024 13:08:02 GMT - 2.454 ms
GET - /admin/delete - Thu, 13 Jun 2024 13:08:06 GMT - 1.049 ms
GET - /admin/delete - Thu, 13 Jun 2024 13:08:20 GMT - 4.255 ms
GET - /admin/logout - Thu, 13 Jun 2024 13:08:26 GMT - 3.688 ms
GET - /admin/login - Thu, 13 Jun 2024 13:08:26 GMT - 227.400 ms
POST - /admin/login - Thu, 13 Jun 2024 13:08:30 GMT - 242.800 ms
GET - /admin/dashboard - Thu, 13 Jun 2024 13:08:30 GMT - 43.633 ms
GET - /admin/delete - Thu, 13 Jun 2024 13:09:07 GMT - 2.143 ms
GET - /admin/logout - Thu, 13 Jun 2024 13:14:53 GMT - 3.026 ms
GET - /admin/login - Thu, 13 Jun 2024 13:14:53 GMT - 145.063 ms
POST - /admin/login - Thu, 13 Jun 2024 13:15:01 GMT - 199.170 ms
GET - /admin/dashboard - Thu, 13 Jun 2024 13:15:01 GMT - 55.839 ms
GET - /admin/dashboard - Thu, 13 Jun 2024 13:16:14 GMT - 2.098 ms
GET - /admin/login - Thu, 13 Jun 2024 13:16:14 GMT - 142.724 ms
POST - /admin/login - Thu, 13 Jun 2024 13:16:42 GMT - 158.131 ms
GET - /admin/dashboard - Thu, 13 Jun 2024 13:16:42 GMT - 26.223 ms
GET - /admin/logout - Thu, 13 Jun 2024 13:17:31 GMT - 2.294 ms
GET - /admin/login - Thu, 13 Jun 2024 13:17:31 GMT - 138.000 ms
POST - /admin/login - Thu, 13 Jun 2024 13:17:38 GMT - 238.471 ms
GET - /admin/dashboard - Thu, 13 Jun 2024 13:17:38 GMT - 46.228 ms
GET - /admin/dashboard - Thu, 13 Jun 2024 13:18:10 GMT - 3.047 ms
GET - /admin/login - Thu, 13 Jun 2024 13:18:10 GMT - 212.170 ms
POST - /admin/login - Thu, 13 Jun 2024 13:18:18 GMT - 244.859 ms
GET - /admin/dashboard - Thu, 13 Jun 2024 13:18:18 GMT - 45.421 ms
GET - /admin/logout - Thu, 13 Jun 2024 13:19:02 GMT - 3.395 ms
GET - /admin/login - Thu, 13 Jun 2024 13:19:02 GMT - 128.236 ms
POST - /admin/login - Thu, 13 Jun 2024 13:19:06 GMT - 171.450 ms
GET - /admin/dashboard - Thu, 13 Jun 2024 13:19:07 GMT - 26.961 ms
GET - /admin/dashboard - Thu, 13 Jun 2024 13:19:25 GMT - 2.065 ms
GET - /admin/login - Thu, 13 Jun 2024 13:19:25 GMT - 121.388 ms
POST - /admin/login - Thu, 13 Jun 2024 13:19:29 GMT - 172.147 ms
GET - /admin/dashboard - Thu, 13 Jun 2024 13:19:29 GMT - 22.868 ms
GET - /admin/delete - Thu, 13 Jun 2024 13:19:44 GMT - 4.195 ms
GET - /admin/signup - Thu, 13 Jun 2024 13:27:39 GMT - 123.852 ms
GET - /assets/js/main.signup.js - Thu, 13 Jun 2024 13:27:39 GMT - 1.321 ms
GET - /admin/signin - Thu, 13 Jun 2024 13:27:47 GMT - 9.505 ms
GET - /admin/logout - Thu, 13 Jun 2024 13:27:53 GMT - 1.861 ms
GET - /admin/login - Thu, 13 Jun 2024 13:27:53 GMT - 11.627 ms
POST - /admin/login - Thu, 13 Jun 2024 13:27:59 GMT - 227.352 ms
GET - /admin/dashboard - Thu, 13 Jun 2024 13:27:59 GMT - 70.475 ms
GET - /admin/delete - Thu, 13 Jun 2024 13:28:01 GMT - 0.758 ms
GET - /admin/login - Thu, 13 Jun 2024 13:28:01 GMT - 8.356 ms
POST - /admin/login - Thu, 13 Jun 2024 13:28:50 GMT - 239.050 ms
GET - /admin/dashboard - Thu, 13 Jun 2024 13:28:50 GMT - 35.894 ms
GET - /admin/delete - Thu, 13 Jun 2024 13:28:54 GMT - 0.550 ms
GET - /admin/login - Thu, 13 Jun 2024 13:28:54 GMT - 6.793 ms
POST - /admin/login - Thu, 13 Jun 2024 13:29:03 GMT - 44.463 ms
GET - /admin/login - Thu, 13 Jun 2024 13:29:03 GMT - 12.556 ms
POST - /admin/login - Thu, 13 Jun 2024 13:29:31 GMT - 217.576 ms
GET - /admin/dashboard - Thu, 13 Jun 2024 13:29:31 GMT - 25.597 ms
GET - /login - Thu, 13 Jun 2024 13:35:34 GMT - 4.431 ms
POST - /api/login - Thu, 13 Jun 2024 13:37:54 GMT - 247.124 ms
GET - /api/posts - Thu, 13 Jun 2024 13:37:54 GMT - 0.693 ms
POST - /api/signup - Thu, 13 Jun 2024 13:38:43 GMT - 154.938 ms
GET - /api/posts - Thu, 13 Jun 2024 13:38:43 GMT - 0.264 ms
GET - /api/login - Thu, 13 Jun 2024 13:46:09 GMT - 0.488 ms
GET - /api/login - Thu, 13 Jun 2024 13:46:39 GMT - 0.191 ms
GET - /hello - Thu, 13 Jun 2024 13:48:54 GMT - 1.296 ms
POST - /api/verify - Thu, 13 Jun 2024 13:48:54 GMT - 0.260 ms
GET - /dkddjdd - Thu, 13 Jun 2024 13:49:14 GMT - 0.578 ms
GET - /signin - Thu, 13 Jun 2024 13:49:59 GMT - 1.015 ms
GET - /admin/signup - Thu, 13 Jun 2024 13:53:39 GMT - 268.453 ms
GET - /assets/js/main.signup.js - Thu, 13 Jun 2024 13:53:39 GMT - 0.725 ms
POST - /admin/signup - Thu, 13 Jun 2024 13:53:56 GMT - 130.601 ms
GET - /admin/login - Thu, 13 Jun 2024 13:53:56 GMT - 19.999 ms
POST - /admin/login - Thu, 13 Jun 2024 13:54:05 GMT - 205.591 ms
GET - /admin/dashboard - Thu, 13 Jun 2024 13:54:05 GMT - 51.136 ms
GET - /admin/delete - Thu, 13 Jun 2024 13:54:24 GMT - 0.859 ms
GET - /admin/login - Thu, 13 Jun 2024 13:54:24 GMT - 14.102 ms
GET - /admin/signup - Sat, 15 Jun 2024 01:44:30 GMT - 2947.130 ms
GET - /assets/js/main.signup.js - Sat, 15 Jun 2024 01:44:30 GMT - 1.065 ms
GET - /login - Sat, 15 Jun 2024 01:44:38 GMT - 13.710 ms
POST - /api/login - Sat, 15 Jun 2024 01:45:43 GMT - 1041.894 ms
GET - /api/posts - Sat, 15 Jun 2024 01:45:43 GMT - 0.868 ms
POST - /api/post - Sat, 15 Jun 2024 01:46:09 GMT - 4.598 ms
GET - /api/posts - Sat, 15 Jun 2024 01:47:58 GMT - 0.853 ms
GET - /api/posts - Sat, 15 Jun 2024 01:48:05 GMT - 0.756 ms
GET - /api/posts - Sat, 15 Jun 2024 01:48:20 GMT - 0.263 ms
GET - /api/posts - Sat, 15 Jun 2024 01:54:03 GMT - 0.574 ms
GET - /api/posts - Sat, 15 Jun 2024 01:54:41 GMT - 0.455 ms
POST - /api/login - Sat, 15 Jun 2024 01:56:03 GMT - 479.376 ms
POST - /api/signup - Sat, 15 Jun 2024 01:56:23 GMT - 562.257 ms
GET - /api/posts - Sat, 15 Jun 2024 01:56:23 GMT - 0.269 ms
POST - /api/verify - Sat, 15 Jun 2024 01:56:26 GMT - 0.434 ms
GET - /api/posts - Sat, 15 Jun 2024 01:56:26 GMT - 0.210 ms
GET - /api/posts - Sat, 15 Jun 2024 01:59:08 GMT - 0.329 ms
GET - /api/posts - Sat, 15 Jun 2024 01:59:28 GMT - 0.544 ms
GET - /api/posts - Sat, 15 Jun 2024 02:01:57 GMT - 0.249 ms
POST - /api/login - Sat, 15 Jun 2024 02:06:05 GMT - 257.634 ms
GET - /api/posts - Sat, 15 Jun 2024 02:06:05 GMT - 1.958 ms
POST - /api/verify - Sat, 15 Jun 2024 02:06:15 GMT - 0.599 ms
GET - /api/posts - Sat, 15 Jun 2024 02:06:15 GMT - 0.322 ms
POST - /api/login - Sat, 15 Jun 2024 02:06:35 GMT - 465.537 ms
GET - /api/posts - Sat, 15 Jun 2024 02:06:35 GMT - 0.318 ms
POST - /api/post - Sat, 15 Jun 2024 02:07:37 GMT - 4.743 ms
POST - /api/login - Sat, 15 Jun 2024 02:07:55 GMT - 206.499 ms
GET - /api/posts - Sat, 15 Jun 2024 02:07:55 GMT - 0.251 ms
POST - /api/post - Sat, 15 Jun 2024 02:12:22 GMT - 5.034 ms
GET - /signin - Sat, 15 Jun 2024 02:12:32 GMT - 2.260 ms
POST - /api/login - Sat, 15 Jun 2024 02:12:54 GMT - 247.035 ms
GET - /api/posts - Sat, 15 Jun 2024 02:12:54 GMT - 0.684 ms
POST - /api/signup - Sat, 15 Jun 2024 02:28:39 GMT - 149.914 ms
GET - /api/posts - Sat, 15 Jun 2024 02:28:39 GMT - 0.716 ms
GET - /api/posts - Sat, 15 Jun 2024 02:28:51 GMT - 0.284 ms
POST - /api/verify - Sat, 15 Jun 2024 02:28:51 GMT - 1.050 ms
POST - /api/verify - Sat, 15 Jun 2024 02:28:52 GMT - 0.926 ms
GET - /api/posts - Sat, 15 Jun 2024 02:28:52 GMT - 0.537 ms
POST - /api/verify - Sat, 15 Jun 2024 02:28:53 GMT - 0.754 ms
GET - /api/posts - Sat, 15 Jun 2024 02:28:53 GMT - 0.238 ms
POST - /api/verify - Sat, 15 Jun 2024 02:28:53 GMT - 0.911 ms
GET - /api/posts - Sat, 15 Jun 2024 02:28:53 GMT - 0.485 ms
GET - /api/posts - Sat, 15 Jun 2024 02:28:53 GMT - 0.576 ms
POST - /api/verify - Sat, 15 Jun 2024 02:28:53 GMT - 0.793 ms
GET - /api/posts - Sat, 15 Jun 2024 02:28:54 GMT - 0.321 ms
POST - /api/verify - Sat, 15 Jun 2024 02:28:54 GMT - 0.616 ms
GET - /api/posts - Sat, 15 Jun 2024 02:28:54 GMT - 0.275 ms
POST - /api/verify - Sat, 15 Jun 2024 02:28:54 GMT - 0.727 ms
POST - /api/verify - Sat, 15 Jun 2024 02:28:54 GMT - 1.010 ms
GET - /api/posts - Sat, 15 Jun 2024 02:28:54 GMT - 0.307 ms
POST - /api/verify - Sat, 15 Jun 2024 02:28:54 GMT - 0.677 ms
GET - /api/posts - Sat, 15 Jun 2024 02:28:54 GMT - 0.275 ms
POST - /api/verify - Sat, 15 Jun 2024 02:28:55 GMT - 0.956 ms
GET - /api/posts - Sat, 15 Jun 2024 02:28:55 GMT - 0.275 ms
POST - /api/verify - Sat, 15 Jun 2024 02:28:55 GMT - 1.105 ms
GET - /api/posts - Sat, 15 Jun 2024 02:28:55 GMT - 0.202 ms
POST - /api/verify - Sat, 15 Jun 2024 02:28:55 GMT - 0.718 ms
GET - /api/posts - Sat, 15 Jun 2024 02:28:55 GMT - 0.311 ms
POST - /api/verify - Sat, 15 Jun 2024 02:28:55 GMT - 0.620 ms
GET - /api/posts - Sat, 15 Jun 2024 02:28:55 GMT - 0.262 ms
POST - /api/verify - Sat, 15 Jun 2024 02:28:55 GMT - 0.996 ms
GET - /api/posts - Sat, 15 Jun 2024 02:28:55 GMT - 0.149 ms
POST - /api/verify - Sat, 15 Jun 2024 02:28:56 GMT - 0.610 ms
GET - /api/posts - Sat, 15 Jun 2024 02:28:56 GMT - 0.388 ms
GET - /api/posts - Sat, 15 Jun 2024 02:28:56 GMT - 0.354 ms
POST - /api/verify - Sat, 15 Jun 2024 02:28:56 GMT - 0.680 ms
POST - /api/verify - Sat, 15 Jun 2024 02:28:57 GMT - 0.575 ms
GET - /api/posts - Sat, 15 Jun 2024 02:28:57 GMT - 0.196 ms
POST - /api/verify - Sat, 15 Jun 2024 02:28:57 GMT - 0.837 ms
GET - /api/posts - Sat, 15 Jun 2024 02:28:57 GMT - 0.311 ms
POST - /api/verify - Sat, 15 Jun 2024 02:29:14 GMT - 0.828 ms
GET - /api/posts - Sat, 15 Jun 2024 02:29:14 GMT - 0.225 ms
GET - /api/posts - Sat, 15 Jun 2024 02:29:14 GMT - 0.267 ms
POST - /api/verify - Sat, 15 Jun 2024 02:29:14 GMT - 0.642 ms
POST - /api/verify - Sat, 15 Jun 2024 02:29:14 GMT - 0.596 ms
GET - /api/posts - Sat, 15 Jun 2024 02:29:14 GMT - 0.213 ms
POST - /api/verify - Sat, 15 Jun 2024 02:29:15 GMT - 0.658 ms
GET - /api/posts - Sat, 15 Jun 2024 02:29:15 GMT - 0.218 ms
POST - /api/verify - Sat, 15 Jun 2024 02:29:15 GMT - 0.628 ms
GET - /api/posts - Sat, 15 Jun 2024 02:29:15 GMT - 0.189 ms
POST - /api/verify - Sat, 15 Jun 2024 02:29:16 GMT - 0.789 ms
GET - /api/posts - Sat, 15 Jun 2024 02:29:16 GMT - 0.243 ms
POST - /api/verify - Sat, 15 Jun 2024 02:29:16 GMT - 0.480 ms
GET - /api/posts - Sat, 15 Jun 2024 02:29:16 GMT - 0.140 ms
POST - /api/verify - Sat, 15 Jun 2024 02:29:16 GMT - 0.516 ms
GET - /api/posts - Sat, 15 Jun 2024 02:29:16 GMT - 0.194 ms
GET - /api/posts - Sat, 15 Jun 2024 02:29:16 GMT - 0.300 ms
POST - /api/verify - Sat, 15 Jun 2024 02:29:16 GMT - 0.579 ms
POST - /api/verify - Sat, 15 Jun 2024 02:29:17 GMT - 0.914 ms
GET - /api/posts - Sat, 15 Jun 2024 02:29:17 GMT - 0.313 ms
GET - /api/posts - Sat, 15 Jun 2024 02:29:17 GMT - 0.244 ms
POST - /api/verify - Sat, 15 Jun 2024 02:29:17 GMT - 0.562 ms
POST - /api/verify - Sat, 15 Jun 2024 02:29:17 GMT - 0.607 ms
GET - /api/posts - Sat, 15 Jun 2024 02:29:17 GMT - 0.236 ms
POST - /api/verify - Sat, 15 Jun 2024 02:29:18 GMT - 0.717 ms
GET - /api/posts - Sat, 15 Jun 2024 02:29:18 GMT - 0.166 ms
GET - /api/posts - Sat, 15 Jun 2024 02:29:18 GMT - 0.304 ms
POST - /api/verify - Sat, 15 Jun 2024 02:29:18 GMT - 0.866 ms
POST - /api/verify - Sat, 15 Jun 2024 02:29:18 GMT - 0.686 ms
GET - /api/posts - Sat, 15 Jun 2024 02:29:18 GMT - 0.207 ms
POST - /api/verify - Sat, 15 Jun 2024 02:29:18 GMT - 1.649 ms
GET - /api/posts - Sat, 15 Jun 2024 02:29:18 GMT - 0.237 ms
POST - /api/verify - Sat, 15 Jun 2024 02:29:18 GMT - 0.842 ms
GET - /api/posts - Sat, 15 Jun 2024 02:29:18 GMT - 0.192 ms
GET - /api/posts - Sat, 15 Jun 2024 02:30:34 GMT - 1.321 ms
POST - /api/verify - Sat, 15 Jun 2024 02:30:34 GMT - 1.255 ms
GET - /api/posts - Sat, 15 Jun 2024 02:30:57 GMT - 0.323 ms
GET - /api/posts - Sat, 15 Jun 2024 02:30:59 GMT - 0.230 ms
GET - /api/posts - Sat, 15 Jun 2024 02:31:00 GMT - 0.237 ms
GET - /api/posts - Sat, 15 Jun 2024 02:31:01 GMT - 0.339 ms
GET - /api/posts - Sat, 15 Jun 2024 02:31:02 GMT - 0.387 ms
GET - /api/posts - Sat, 15 Jun 2024 02:31:02 GMT - 0.616 ms
GET - /api/posts - Sat, 15 Jun 2024 02:31:02 GMT - 0.266 ms
GET - /api/posts - Sat, 15 Jun 2024 02:31:02 GMT - 0.249 ms
POST - /api/login - Sat, 15 Jun 2024 02:31:24 GMT - 251.077 ms
GET - /api/posts - Sat, 15 Jun 2024 02:31:24 GMT - 0.470 ms
GET - /api/posts - Sat, 15 Jun 2024 02:31:30 GMT - 0.361 ms
POST - /api/verify - Sat, 15 Jun 2024 02:31:30 GMT - 54.515 ms
GET - /api/posts - Sat, 15 Jun 2024 02:31:31 GMT - 0.197 ms
POST - /api/verify - Sat, 15 Jun 2024 02:31:31 GMT - 51.476 ms
GET - /api/posts - Sat, 15 Jun 2024 02:31:31 GMT - 0.203 ms
POST - /api/verify - Sat, 15 Jun 2024 02:31:31 GMT - 48.224 ms
GET - /api/posts - Sat, 15 Jun 2024 02:31:32 GMT - 0.488 ms
POST - /api/verify - Sat, 15 Jun 2024 02:31:32 GMT - 50.037 ms
GET - /api/posts - Sat, 15 Jun 2024 02:31:32 GMT - 0.224 ms
POST - /api/verify - Sat, 15 Jun 2024 02:31:32 GMT - 54.016 ms
GET - /api/posts - Sat, 15 Jun 2024 02:31:32 GMT - 0.330 ms
POST - /api/verify - Sat, 15 Jun 2024 02:31:32 GMT - 51.199 ms
GET - /api/posts - Sat, 15 Jun 2024 02:31:32 GMT - 0.160 ms
POST - /api/verify - Sat, 15 Jun 2024 02:31:33 GMT - 51.413 ms
GET - /api/posts - Sat, 15 Jun 2024 02:31:33 GMT - 0.277 ms
POST - /api/verify - Sat, 15 Jun 2024 02:31:33 GMT - 50.856 ms
GET - /api/posts - Sat, 15 Jun 2024 02:31:33 GMT - 0.215 ms
POST - /api/verify - Sat, 15 Jun 2024 02:31:33 GMT - 51.684 ms
GET - /api/posts - Sat, 15 Jun 2024 02:31:33 GMT - 0.271 ms
POST - /api/verify - Sat, 15 Jun 2024 02:31:33 GMT - 48.859 ms
GET - /api/posts - Sat, 15 Jun 2024 02:31:33 GMT - 0.357 ms
POST - /api/verify - Sat, 15 Jun 2024 02:31:33 GMT - 52.804 ms
GET - /api/posts - Sat, 15 Jun 2024 02:31:33 GMT - 0.125 ms
POST - /api/verify - Sat, 15 Jun 2024 02:31:34 GMT - 51.556 ms
GET - /api/posts - Sat, 15 Jun 2024 02:31:39 GMT - 0.347 ms
POST - /api/verify - Sat, 15 Jun 2024 02:31:39 GMT - 49.364 ms
GET - /api/posts - Sat, 15 Jun 2024 02:31:39 GMT - 0.245 ms
POST - /api/verify - Sat, 15 Jun 2024 02:31:39 GMT - 52.348 ms
GET - /api/posts - Sat, 15 Jun 2024 02:31:39 GMT - 0.251 ms
POST - /api/verify - Sat, 15 Jun 2024 02:31:39 GMT - 49.479 ms
GET - /api/posts - Sat, 15 Jun 2024 02:31:40 GMT - 0.196 ms
POST - /api/verify - Sat, 15 Jun 2024 02:31:40 GMT - 48.983 ms
GET - /api/posts - Sat, 15 Jun 2024 02:31:40 GMT - 0.179 ms
POST - /api/verify - Sat, 15 Jun 2024 02:31:40 GMT - 49.012 ms
GET - /api/posts - Sat, 15 Jun 2024 02:31:40 GMT - 0.178 ms
POST - /api/verify - Sat, 15 Jun 2024 02:31:40 GMT - 48.273 ms
GET - /api/posts - Sat, 15 Jun 2024 02:31:40 GMT - 0.436 ms
POST - /api/verify - Sat, 15 Jun 2024 02:31:40 GMT - 50.864 ms
GET - /api/posts - Sat, 15 Jun 2024 02:31:40 GMT - 0.189 ms
POST - /api/verify - Sat, 15 Jun 2024 02:31:40 GMT - 47.658 ms
GET - /api/posts - Sat, 15 Jun 2024 02:31:40 GMT - 0.126 ms
POST - /api/verify - Sat, 15 Jun 2024 02:31:40 GMT - 49.210 ms
GET - /api/posts - Sat, 15 Jun 2024 02:31:41 GMT - 0.235 ms
POST - /api/verify - Sat, 15 Jun 2024 02:31:41 GMT - 47.893 ms
GET - /api/posts - Sat, 15 Jun 2024 02:31:41 GMT - 0.254 ms
POST - /api/verify - Sat, 15 Jun 2024 02:31:41 GMT - 49.805 ms
GET - /api/posts - Sat, 15 Jun 2024 02:31:41 GMT - 0.262 ms
POST - /api/verify - Sat, 15 Jun 2024 02:31:41 GMT - 47.151 ms
GET - /api/posts - Sat, 15 Jun 2024 02:31:41 GMT - 0.492 ms
POST - /api/verify - Sat, 15 Jun 2024 02:31:41 GMT - 50.984 ms
GET - /api/posts - Sat, 15 Jun 2024 02:31:42 GMT - 0.535 ms
POST - /api/verify - Sat, 15 Jun 2024 02:31:42 GMT - 48.568 ms
GET - /api/posts - Sat, 15 Jun 2024 02:31:42 GMT - 0.160 ms
POST - /api/verify - Sat, 15 Jun 2024 02:31:42 GMT - 47.609 ms
GET - /api/posts - Sat, 15 Jun 2024 02:31:42 GMT - 0.320 ms
POST - /api/verify - Sat, 15 Jun 2024 02:31:42 GMT - 47.116 ms
GET - /api/posts - Sat, 15 Jun 2024 02:31:42 GMT - 0.215 ms
POST - /api/verify - Sat, 15 Jun 2024 02:31:42 GMT - 49.656 ms
GET - /api/posts - Sat, 15 Jun 2024 02:31:42 GMT - 0.157 ms
POST - /api/verify - Sat, 15 Jun 2024 02:31:42 GMT - 52.864 ms
GET - /api/posts - Sat, 15 Jun 2024 02:32:17 GMT - 0.876 ms
POST - /api/verify - Sat, 15 Jun 2024 02:32:18 GMT - 58.887 ms
GET - /api/posts - Sat, 15 Jun 2024 02:32:18 GMT - 0.244 ms
POST - /api/verify - Sat, 15 Jun 2024 02:32:18 GMT - 46.805 ms
GET - /api/posts - Sat, 15 Jun 2024 02:32:18 GMT - 0.595 ms
POST - /api/verify - Sat, 15 Jun 2024 02:32:18 GMT - 51.863 ms
GET - /api/posts - Sat, 15 Jun 2024 02:32:18 GMT - 0.468 ms
POST - /api/verify - Sat, 15 Jun 2024 02:32:18 GMT - 46.972 ms
GET - /api/posts - Sat, 15 Jun 2024 02:32:19 GMT - 0.376 ms
POST - /api/verify - Sat, 15 Jun 2024 02:32:19 GMT - 47.743 ms
GET - /api/posts - Sat, 15 Jun 2024 02:32:22 GMT - 0.350 ms
POST - /api/verify - Sat, 15 Jun 2024 02:32:22 GMT - 48.490 ms
GET - /api/posts - Sat, 15 Jun 2024 02:33:18 GMT - 0.493 ms
POST - /api/verify - Sat, 15 Jun 2024 02:33:18 GMT - 47.804 ms
GET - /api/posts - Sat, 15 Jun 2024 02:35:00 GMT - 0.366 ms
POST - /api/verify - Sat, 15 Jun 2024 02:35:00 GMT - 47.882 ms
GET - /api/posts - Sat, 15 Jun 2024 02:36:13 GMT - 0.208 ms
POST - /api/verify - Sat, 15 Jun 2024 02:36:13 GMT - 49.121 ms
POST - /api/login - Sat, 15 Jun 2024 02:40:48 GMT - 226.995 ms
GET - /api/posts - Sat, 15 Jun 2024 02:40:48 GMT - 1.297 ms
GET - /api/posts - Sat, 15 Jun 2024 02:40:52 GMT - 0.388 ms
POST - /api/verify - Sat, 15 Jun 2024 02:40:52 GMT - 56.309 ms
GET - /api/posts - Sat, 15 Jun 2024 02:40:53 GMT - 0.231 ms
POST - /api/verify - Sat, 15 Jun 2024 02:40:53 GMT - 50.669 ms
GET - /api/posts - Sat, 15 Jun 2024 02:40:53 GMT - 0.263 ms
POST - /api/verify - Sat, 15 Jun 2024 02:40:53 GMT - 51.377 ms
GET - /api/posts - Sat, 15 Jun 2024 02:40:53 GMT - 0.216 ms
POST - /api/verify - Sat, 15 Jun 2024 02:40:54 GMT - 70.618 ms
GET - /api/posts - Sat, 15 Jun 2024 02:40:54 GMT - 0.354 ms
POST - /api/verify - Sat, 15 Jun 2024 02:40:54 GMT - 49.669 ms
GET - /api/posts - Sat, 15 Jun 2024 02:40:54 GMT - 0.611 ms
POST - /api/verify - Sat, 15 Jun 2024 02:40:54 GMT - 48.631 ms
GET - /api/posts - Sat, 15 Jun 2024 02:40:54 GMT - 0.188 ms
POST - /api/verify - Sat, 15 Jun 2024 02:40:54 GMT - 51.401 ms
GET - /api/posts - Sat, 15 Jun 2024 02:40:54 GMT - 0.306 ms
POST - /api/verify - Sat, 15 Jun 2024 02:40:54 GMT - 52.848 ms
GET - /api/posts - Sat, 15 Jun 2024 02:40:54 GMT - 0.455 ms
POST - /api/verify - Sat, 15 Jun 2024 02:40:55 GMT - 126.081 ms
GET - /api/posts - Sat, 15 Jun 2024 02:40:55 GMT - 0.813 ms
POST - /api/verify - Sat, 15 Jun 2024 02:40:55 GMT - 49.673 ms
GET - /api/posts - Sat, 15 Jun 2024 02:40:55 GMT - 0.212 ms
POST - /api/verify - Sat, 15 Jun 2024 02:40:55 GMT - 50.128 ms
GET - /api/posts - Sat, 15 Jun 2024 02:40:55 GMT - 0.146 ms
POST - /api/verify - Sat, 15 Jun 2024 02:40:55 GMT - 48.895 ms
GET - /api/posts - Sat, 15 Jun 2024 02:40:55 GMT - 0.157 ms
POST - /api/verify - Sat, 15 Jun 2024 02:40:55 GMT - 49.716 ms
GET - /api/posts - Sat, 15 Jun 2024 02:40:56 GMT - 0.149 ms
POST - /api/verify - Sat, 15 Jun 2024 02:40:56 GMT - 49.518 ms
GET - /api/posts - Sat, 15 Jun 2024 02:40:57 GMT - 0.234 ms
POST - /api/verify - Sat, 15 Jun 2024 02:40:58 GMT - 48.319 ms
GET - /api/posts - Sat, 15 Jun 2024 02:40:58 GMT - 1.053 ms
POST - /api/verify - Sat, 15 Jun 2024 02:40:58 GMT - 48.528 ms
GET - /api/posts - Sat, 15 Jun 2024 02:40:58 GMT - 0.680 ms
POST - /api/verify - Sat, 15 Jun 2024 02:40:58 GMT - 49.681 ms
GET - /api/posts - Sat, 15 Jun 2024 02:40:58 GMT - 0.411 ms
POST - /api/verify - Sat, 15 Jun 2024 02:40:58 GMT - 54.075 ms
GET - /api/posts - Sat, 15 Jun 2024 02:40:58 GMT - 0.276 ms
POST - /api/verify - Sat, 15 Jun 2024 02:40:58 GMT - 49.287 ms
GET - /api/posts - Sat, 15 Jun 2024 02:40:59 GMT - 0.148 ms
POST - /api/verify - Sat, 15 Jun 2024 02:40:59 GMT - 47.517 ms
GET - /api/posts - Sat, 15 Jun 2024 02:42:00 GMT - 2.103 ms
POST - /api/verify - Sat, 15 Jun 2024 02:42:00 GMT - 327.198 ms
GET - /api/posts - Sat, 15 Jun 2024 02:42:00 GMT - 0.181 ms
POST - /api/verify - Sat, 15 Jun 2024 02:42:01 GMT - 48.360 ms
GET - /api/posts - Sat, 15 Jun 2024 02:42:02 GMT - 0.491 ms
POST - /api/verify - Sat, 15 Jun 2024 02:42:02 GMT - 51.650 ms
GET - /api/posts - Sat, 15 Jun 2024 02:42:02 GMT - 0.167 ms
POST - /api/verify - Sat, 15 Jun 2024 02:42:02 GMT - 47.029 ms
GET - /api/posts - Sat, 15 Jun 2024 02:42:03 GMT - 0.413 ms
POST - /api/verify - Sat, 15 Jun 2024 02:42:03 GMT - 47.839 ms
GET - /api/posts - Sat, 15 Jun 2024 02:42:03 GMT - 0.320 ms
POST - /api/verify - Sat, 15 Jun 2024 02:42:04 GMT - 49.031 ms
GET - /api/posts - Sat, 15 Jun 2024 02:42:04 GMT - 0.247 ms
POST - /api/verify - Sat, 15 Jun 2024 02:42:04 GMT - - ms
GET - /api/posts - Sat, 15 Jun 2024 02:42:04 GMT - 0.336 ms
GET - /api/posts - Sat, 15 Jun 2024 02:42:04 GMT - 0.167 ms
GET - /api/posts - Sat, 15 Jun 2024 02:42:04 GMT - 0.263 ms
GET - /api/posts - Sat, 15 Jun 2024 02:42:04 GMT - 0.206 ms
GET - /api/posts - Sat, 15 Jun 2024 02:42:06 GMT - 0.152 ms
GET - /api/posts - Sat, 15 Jun 2024 02:42:07 GMT - 0.175 ms
GET - /api/posts - Sat, 15 Jun 2024 02:42:07 GMT - 0.146 ms
GET - /api/posts - Sat, 15 Jun 2024 02:42:07 GMT - 0.182 ms
GET - /api/posts - Sat, 15 Jun 2024 02:42:07 GMT - 0.211 ms
GET - /api/posts - Sat, 15 Jun 2024 02:42:07 GMT - 0.151 ms
GET - /api/posts - Sat, 15 Jun 2024 02:42:08 GMT - 0.138 ms
GET - /api/posts - Sat, 15 Jun 2024 02:42:08 GMT - 0.152 ms
GET - /api/posts - Sat, 15 Jun 2024 02:42:08 GMT - 0.136 ms
GET - /api/posts - Sat, 15 Jun 2024 02:42:08 GMT - 0.139 ms
GET - /api/posts - Sat, 15 Jun 2024 02:42:08 GMT - 0.310 ms
GET - /api/posts - Sat, 15 Jun 2024 02:42:09 GMT - 0.246 ms
GET - /api/posts - Sat, 15 Jun 2024 02:42:09 GMT - 0.189 ms
GET - /api/posts - Sat, 15 Jun 2024 02:42:09 GMT - 0.135 ms
GET - /api/posts - Sat, 15 Jun 2024 02:42:09 GMT - 0.366 ms
GET - /api/posts - Sat, 15 Jun 2024 02:42:09 GMT - 0.270 ms
GET - /api/posts - Sat, 15 Jun 2024 02:42:09 GMT - 0.156 ms
GET - /api/posts - Sat, 15 Jun 2024 02:42:10 GMT - 0.134 ms
GET - /api/posts - Sat, 15 Jun 2024 02:42:10 GMT - 0.244 ms
GET - /api/posts - Sat, 15 Jun 2024 02:42:10 GMT - 0.156 ms
POST - /api/login - Sat, 15 Jun 2024 02:42:31 GMT - 178.354 ms
GET - /api/posts - Sat, 15 Jun 2024 02:42:31 GMT - 0.813 ms
GET - /api/posts - Sat, 15 Jun 2024 02:42:33 GMT - 0.201 ms
POST - /api/verify - Sat, 15 Jun 2024 02:42:33 GMT - 50.748 ms
GET - /api/posts - Sat, 15 Jun 2024 02:42:34 GMT - 0.186 ms
POST - /api/verify - Sat, 15 Jun 2024 02:42:34 GMT - 55.082 ms
GET - /api/posts - Sat, 15 Jun 2024 02:42:34 GMT - 0.155 ms
POST - /api/verify - Sat, 15 Jun 2024 02:42:34 GMT - 49.079 ms
GET - /api/posts - Sat, 15 Jun 2024 02:42:34 GMT - 0.207 ms
POST - /api/verify - Sat, 15 Jun 2024 02:42:35 GMT - 51.158 ms
GET - /api/posts - Sat, 15 Jun 2024 02:42:35 GMT - 0.196 ms
POST - /api/verify - Sat, 15 Jun 2024 02:42:35 GMT - 50.806 ms
GET - /api/posts - Sat, 15 Jun 2024 02:42:35 GMT - 0.878 ms
POST - /api/verify - Sat, 15 Jun 2024 02:42:35 GMT - 50.736 ms
GET - /api/posts - Sat, 15 Jun 2024 02:42:35 GMT - 0.324 ms
POST - /api/verify - Sat, 15 Jun 2024 02:42:35 GMT - 52.739 ms
GET - /api/posts - Sat, 15 Jun 2024 02:42:35 GMT - 0.340 ms
POST - /api/verify - Sat, 15 Jun 2024 02:42:35 GMT - 54.991 ms
GET - /api/posts - Sat, 15 Jun 2024 02:42:35 GMT - 0.339 ms
POST - /api/verify - Sat, 15 Jun 2024 02:42:35 GMT - 56.579 ms
GET - /api/posts - Sat, 15 Jun 2024 02:42:36 GMT - 0.947 ms
POST - /api/verify - Sat, 15 Jun 2024 02:42:36 GMT - 53.349 ms
GET - /api/posts - Sat, 15 Jun 2024 02:42:36 GMT - 0.257 ms
POST - /api/verify - Sat, 15 Jun 2024 02:42:36 GMT - 51.374 ms
GET - /api/posts - Sat, 15 Jun 2024 02:42:36 GMT - 0.144 ms
POST - /api/verify - Sat, 15 Jun 2024 02:42:36 GMT - 59.100 ms
GET - /api/posts - Sat, 15 Jun 2024 02:42:37 GMT - 0.170 ms
POST - /api/verify - Sat, 15 Jun 2024 02:42:37 GMT - 54.792 ms
GET - /api/posts - Sat, 15 Jun 2024 02:42:37 GMT - 0.193 ms
POST - /api/verify - Sat, 15 Jun 2024 02:42:37 GMT - 57.983 ms
GET - /api/posts - Sat, 15 Jun 2024 02:42:37 GMT - 0.163 ms
POST - /api/verify - Sat, 15 Jun 2024 02:42:37 GMT - 58.810 ms
GET - /api/posts - Sat, 15 Jun 2024 02:42:37 GMT - 0.145 ms
POST - /api/verify - Sat, 15 Jun 2024 02:42:37 GMT - 56.055 ms
GET - /api/posts - Sat, 15 Jun 2024 02:42:37 GMT - 0.176 ms
POST - /api/verify - Sat, 15 Jun 2024 02:42:37 GMT - 49.620 ms
GET - /api/posts - Sat, 15 Jun 2024 02:42:37 GMT - 0.218 ms
POST - /api/verify - Sat, 15 Jun 2024 02:42:37 GMT - 53.140 ms
GET - /api/posts - Sat, 15 Jun 2024 02:42:38 GMT - 0.225 ms
POST - /api/verify - Sat, 15 Jun 2024 02:42:38 GMT - 50.800 ms
GET - /api/posts - Sat, 15 Jun 2024 02:42:38 GMT - 0.624 ms
POST - /api/verify - Sat, 15 Jun 2024 02:42:38 GMT - 52.038 ms
GET - /api/posts - Sat, 15 Jun 2024 02:42:38 GMT - 0.116 ms
POST - /api/verify - Sat, 15 Jun 2024 02:42:38 GMT - 53.135 ms
GET - /api/posts - Sat, 15 Jun 2024 02:42:38 GMT - 0.187 ms
POST - /api/verify - Sat, 15 Jun 2024 02:42:38 GMT - 49.515 ms
GET - /api/posts - Sat, 15 Jun 2024 02:42:38 GMT - 0.152 ms
POST - /api/verify - Sat, 15 Jun 2024 02:42:38 GMT - 48.886 ms
GET - /api/posts - Sat, 15 Jun 2024 02:42:38 GMT - 0.331 ms
POST - /api/verify - Sat, 15 Jun 2024 02:42:39 GMT - 52.364 ms
GET - /api/posts - Sat, 15 Jun 2024 02:42:39 GMT - 0.407 ms
POST - /api/verify - Sat, 15 Jun 2024 02:42:39 GMT - 51.431 ms
GET - /api/posts - Sat, 15 Jun 2024 02:42:39 GMT - 0.148 ms
POST - /api/verify - Sat, 15 Jun 2024 02:42:39 GMT - 51.387 ms
GET - /api/posts - Sat, 15 Jun 2024 02:42:39 GMT - 0.159 ms
POST - /api/verify - Sat, 15 Jun 2024 02:42:39 GMT - 50.308 ms
GET - /api/posts - Sat, 15 Jun 2024 02:42:39 GMT - 0.160 ms
POST - /api/verify - Sat, 15 Jun 2024 02:42:39 GMT - 50.930 ms
GET - /api/posts - Sat, 15 Jun 2024 02:42:39 GMT - 0.235 ms
POST - /api/verify - Sat, 15 Jun 2024 02:42:39 GMT - 51.134 ms
GET - /api/posts - Sat, 15 Jun 2024 02:42:40 GMT - 0.808 ms
POST - /api/verify - Sat, 15 Jun 2024 02:42:40 GMT - 55.089 ms
GET - /api/posts - Sat, 15 Jun 2024 02:42:40 GMT - 0.206 ms
POST - /api/verify - Sat, 15 Jun 2024 02:42:40 GMT - 49.026 ms
GET - /api/posts - Sat, 15 Jun 2024 02:42:40 GMT - 0.348 ms
POST - /api/verify - Sat, 15 Jun 2024 02:42:40 GMT - 50.769 ms
GET - /api/posts - Sat, 15 Jun 2024 02:42:40 GMT - 0.541 ms
POST - /api/verify - Sat, 15 Jun 2024 02:42:40 GMT - 50.535 ms
GET - /api/posts - Sat, 15 Jun 2024 02:42:41 GMT - 0.401 ms
POST - /api/verify - Sat, 15 Jun 2024 02:42:41 GMT - 50.980 ms
GET - /api/posts - Sat, 15 Jun 2024 02:42:41 GMT - 0.365 ms
POST - /api/verify - Sat, 15 Jun 2024 02:42:41 GMT - 51.140 ms
GET - /api/posts - Sat, 15 Jun 2024 02:42:41 GMT - 1.367 ms
POST - /api/verify - Sat, 15 Jun 2024 02:42:41 GMT - 49.457 ms
GET - /api/posts - Sat, 15 Jun 2024 02:42:41 GMT - 0.425 ms
POST - /api/verify - Sat, 15 Jun 2024 02:42:41 GMT - 50.020 ms
GET - /api/posts - Sat, 15 Jun 2024 02:42:41 GMT - 0.201 ms
POST - /api/verify - Sat, 15 Jun 2024 02:42:41 GMT - 50.970 ms
GET - /api/posts - Sat, 15 Jun 2024 02:42:42 GMT - 0.112 ms
POST - /api/verify - Sat, 15 Jun 2024 02:42:42 GMT - 47.197 ms
GET - /api/posts - Sat, 15 Jun 2024 02:42:42 GMT - 0.202 ms
POST - /api/verify - Sat, 15 Jun 2024 02:42:42 GMT - 48.371 ms
GET - /api/posts - Sat, 15 Jun 2024 02:42:42 GMT - 1.302 ms
POST - /api/verify - Sat, 15 Jun 2024 02:42:42 GMT - 49.829 ms
GET - /api/posts - Sat, 15 Jun 2024 02:42:42 GMT - 0.220 ms
POST - /api/verify - Sat, 15 Jun 2024 02:42:42 GMT - 49.484 ms
GET - /api/posts - Sat, 15 Jun 2024 02:42:42 GMT - 1.054 ms
POST - /api/verify - Sat, 15 Jun 2024 02:42:42 GMT - 52.080 ms
GET - /api/posts - Sat, 15 Jun 2024 02:42:43 GMT - 0.485 ms
POST - /api/verify - Sat, 15 Jun 2024 02:42:43 GMT - - ms
GET - /api/posts - Sat, 15 Jun 2024 02:42:43 GMT - 0.180 ms
GET - /api/posts - Sat, 15 Jun 2024 02:42:43 GMT - 0.205 ms
GET - /api/posts - Sat, 15 Jun 2024 02:42:43 GMT - 0.260 ms
GET - /api/posts - Sat, 15 Jun 2024 02:42:43 GMT - 0.255 ms
GET - /api/posts - Sat, 15 Jun 2024 02:42:44 GMT - 0.420 ms
GET - /api/posts - Sat, 15 Jun 2024 02:42:44 GMT - 0.138 ms
GET - /api/posts - Sat, 15 Jun 2024 02:42:44 GMT - 0.145 ms
GET - /api/posts - Sat, 15 Jun 2024 02:42:44 GMT - 0.234 ms
GET - /api/posts - Sat, 15 Jun 2024 02:42:45 GMT - 0.204 ms
GET - /api/posts - Sat, 15 Jun 2024 02:42:45 GMT - 0.189 ms
GET - /api/posts - Sat, 15 Jun 2024 02:42:45 GMT - 0.137 ms
GET - /api/posts - Sat, 15 Jun 2024 02:42:45 GMT - 0.331 ms
GET - /api/posts - Sat, 15 Jun 2024 02:42:48 GMT - 0.197 ms
GET - /api/posts - Sat, 15 Jun 2024 02:42:49 GMT - 0.139 ms
GET - /api/posts - Sat, 15 Jun 2024 02:42:49 GMT - 0.182 ms
GET - /api/posts - Sat, 15 Jun 2024 02:42:49 GMT - 0.211 ms
POST - /api/login - Sat, 15 Jun 2024 02:43:42 GMT - 225.494 ms
GET - /api/posts - Sat, 15 Jun 2024 02:43:43 GMT - 0.283 ms
GET - /api/posts - Sat, 15 Jun 2024 02:43:45 GMT - 0.114 ms
POST - /api/verify - Sat, 15 Jun 2024 02:43:45 GMT - 50.246 ms
GET - /api/posts - Sat, 15 Jun 2024 02:43:46 GMT - 0.548 ms
POST - /api/verify - Sat, 15 Jun 2024 02:43:46 GMT - 50.306 ms
GET - /api/posts - Sat, 15 Jun 2024 02:43:46 GMT - 0.126 ms
POST - /api/verify - Sat, 15 Jun 2024 02:43:46 GMT - 49.615 ms
GET - /api/posts - Sat, 15 Jun 2024 02:43:46 GMT - 0.163 ms
POST - /api/verify - Sat, 15 Jun 2024 02:43:46 GMT - 48.314 ms
GET - /api/posts - Sat, 15 Jun 2024 02:43:46 GMT - 0.213 ms
POST - /api/verify - Sat, 15 Jun 2024 02:43:46 GMT - 51.478 ms
GET - /api/posts - Sat, 15 Jun 2024 02:43:47 GMT - 0.211 ms
POST - /api/verify - Sat, 15 Jun 2024 02:43:47 GMT - 151.102 ms
GET - /api/posts - Sat, 15 Jun 2024 02:43:47 GMT - 0.383 ms
POST - /api/verify - Sat, 15 Jun 2024 02:43:47 GMT - 49.173 ms
GET - /api/posts - Sat, 15 Jun 2024 02:43:47 GMT - 0.334 ms
POST - /api/verify - Sat, 15 Jun 2024 02:43:47 GMT - 48.422 ms
GET - /api/posts - Sat, 15 Jun 2024 02:43:47 GMT - 0.204 ms
POST - /api/verify - Sat, 15 Jun 2024 02:43:48 GMT - 51.684 ms
GET - /api/posts - Sat, 15 Jun 2024 02:43:48 GMT - 0.160 ms
POST - /api/verify - Sat, 15 Jun 2024 02:43:48 GMT - 48.423 ms
GET - /api/posts - Sat, 15 Jun 2024 02:43:48 GMT - 0.177 ms
POST - /api/verify - Sat, 15 Jun 2024 02:43:48 GMT - 51.159 ms
GET - /api/posts - Sat, 15 Jun 2024 02:43:48 GMT - 0.455 ms
POST - /api/verify - Sat, 15 Jun 2024 02:43:48 GMT - 50.166 ms
GET - /api/posts - Sat, 15 Jun 2024 02:43:48 GMT - 0.161 ms
POST - /api/verify - Sat, 15 Jun 2024 02:43:48 GMT - 49.288 ms
GET - /api/posts - Sat, 15 Jun 2024 02:43:48 GMT - 0.466 ms
POST - /api/verify - Sat, 15 Jun 2024 02:43:48 GMT - 83.529 ms
GET - /api/posts - Sat, 15 Jun 2024 02:43:49 GMT - 0.595 ms
POST - /api/verify - Sat, 15 Jun 2024 02:43:49 GMT - 52.298 ms
GET - /api/posts - Sat, 15 Jun 2024 02:43:49 GMT - 0.287 ms
POST - /api/verify - Sat, 15 Jun 2024 02:43:49 GMT - 49.813 ms
GET - /api/posts - Sat, 15 Jun 2024 02:43:49 GMT - 0.193 ms
POST - /api/verify - Sat, 15 Jun 2024 02:43:49 GMT - 52.079 ms
GET - /api/posts - Sat, 15 Jun 2024 02:43:49 GMT - 0.365 ms
POST - /api/verify - Sat, 15 Jun 2024 02:43:49 GMT - 52.464 ms
GET - /api/posts - Sat, 15 Jun 2024 02:43:49 GMT - 0.380 ms
POST - /api/verify - Sat, 15 Jun 2024 02:43:49 GMT - 50.398 ms
GET - /api/posts - Sat, 15 Jun 2024 02:43:49 GMT - 0.234 ms
POST - /api/verify - Sat, 15 Jun 2024 02:43:50 GMT - 51.082 ms
GET - /api/posts - Sat, 15 Jun 2024 02:43:50 GMT - 0.230 ms
POST - /api/verify - Sat, 15 Jun 2024 02:43:50 GMT - 50.387 ms
GET - /api/posts - Sat, 15 Jun 2024 02:43:50 GMT - 0.223 ms
POST - /api/verify - Sat, 15 Jun 2024 02:43:50 GMT - 50.748 ms
GET - /api/posts - Sat, 15 Jun 2024 02:43:50 GMT - 0.364 ms
POST - /api/verify - Sat, 15 Jun 2024 02:43:50 GMT - 50.530 ms
GET - /api/posts - Sat, 15 Jun 2024 02:43:50 GMT - 0.424 ms
POST - /api/verify - Sat, 15 Jun 2024 02:43:50 GMT - 50.805 ms
GET - /api/posts - Sat, 15 Jun 2024 02:43:50 GMT - 0.275 ms
POST - /api/verify - Sat, 15 Jun 2024 02:43:50 GMT - 49.615 ms
GET - /api/posts - Sat, 15 Jun 2024 02:43:51 GMT - 0.153 ms
POST - /api/verify - Sat, 15 Jun 2024 02:43:51 GMT - 50.734 ms
GET - /api/posts - Sat, 15 Jun 2024 02:43:51 GMT - 0.270 ms
POST - /api/verify - Sat, 15 Jun 2024 02:43:51 GMT - 48.827 ms
GET - /api/posts - Sat, 15 Jun 2024 02:43:52 GMT - 0.184 ms
POST - /api/verify - Sat, 15 Jun 2024 02:43:52 GMT - 51.762 ms
GET - /api/posts - Sat, 15 Jun 2024 02:43:52 GMT - 0.171 ms
POST - /api/verify - Sat, 15 Jun 2024 02:43:52 GMT - 49.721 ms
GET - /api/posts - Sat, 15 Jun 2024 02:43:52 GMT - 0.298 ms
POST - /api/verify - Sat, 15 Jun 2024 02:43:52 GMT - 46.599 ms
GET - /api/posts - Sat, 15 Jun 2024 02:43:52 GMT - 0.254 ms
POST - /api/verify - Sat, 15 Jun 2024 02:43:52 GMT - 53.854 ms
GET - /api/posts - Sat, 15 Jun 2024 02:43:52 GMT - 0.674 ms
POST - /api/verify - Sat, 15 Jun 2024 02:43:52 GMT - 49.534 ms
GET - /api/posts - Sat, 15 Jun 2024 02:43:52 GMT - 0.332 ms
POST - /api/verify - Sat, 15 Jun 2024 02:43:52 GMT - 47.927 ms
GET - /api/posts - Sat, 15 Jun 2024 02:43:53 GMT - 0.128 ms
POST - /api/verify - Sat, 15 Jun 2024 02:43:53 GMT - 49.548 ms
GET - /api/posts - Sat, 15 Jun 2024 02:43:53 GMT - 0.352 ms
POST - /api/verify - Sat, 15 Jun 2024 02:43:53 GMT - 50.883 ms
GET - /api/posts - Sat, 15 Jun 2024 02:43:53 GMT - 0.279 ms
POST - /api/verify - Sat, 15 Jun 2024 02:43:53 GMT - 52.252 ms
GET - /api/posts - Sat, 15 Jun 2024 02:43:53 GMT - 0.381 ms
POST - /api/verify - Sat, 15 Jun 2024 02:43:53 GMT - 52.326 ms
GET - /api/posts - Sat, 15 Jun 2024 02:43:53 GMT - 0.555 ms
POST - /api/verify - Sat, 15 Jun 2024 02:43:53 GMT - 51.811 ms
GET - /api/posts - Sat, 15 Jun 2024 02:43:54 GMT - 0.141 ms
POST - /api/verify - Sat, 15 Jun 2024 02:43:54 GMT - 49.449 ms
GET - /api/posts - Sat, 15 Jun 2024 02:43:54 GMT - 0.223 ms
POST - /api/verify - Sat, 15 Jun 2024 02:43:54 GMT - 51.386 ms
GET - /api/posts - Sat, 15 Jun 2024 02:43:54 GMT - 0.327 ms
POST - /api/verify - Sat, 15 Jun 2024 02:43:54 GMT - 48.932 ms
GET - /api/posts - Sat, 15 Jun 2024 02:43:54 GMT - 0.338 ms
POST - /api/verify - Sat, 15 Jun 2024 02:43:54 GMT - 50.365 ms
GET - /api/posts - Sat, 15 Jun 2024 02:43:54 GMT - 0.377 ms
POST - /api/verify - Sat, 15 Jun 2024 02:43:54 GMT - 51.421 ms
GET - /api/posts - Sat, 15 Jun 2024 02:43:55 GMT - 0.838 ms
POST - /api/verify - Sat, 15 Jun 2024 02:43:55 GMT - 50.735 ms
GET - /api/posts - Sat, 15 Jun 2024 02:43:55 GMT - 0.226 ms
POST - /api/verify - Sat, 15 Jun 2024 02:43:55 GMT - 50.463 ms
GET - /api/posts - Sat, 15 Jun 2024 02:43:55 GMT - 0.841 ms
POST - /api/verify - Sat, 15 Jun 2024 02:43:55 GMT - 108.423 ms
GET - /api/posts - Sat, 15 Jun 2024 02:43:55 GMT - 0.311 ms
POST - /api/verify - Sat, 15 Jun 2024 02:43:55 GMT - 113.196 ms
GET - /api/posts - Sat, 15 Jun 2024 02:43:55 GMT - 0.175 ms
POST - /api/verify - Sat, 15 Jun 2024 02:43:55 GMT - 49.190 ms
GET - /api/posts - Sat, 15 Jun 2024 02:43:56 GMT - 0.432 ms
POST - /api/verify - Sat, 15 Jun 2024 02:43:56 GMT - 54.092 ms
GET - /api/posts - Sat, 15 Jun 2024 02:43:57 GMT - 0.390 ms
POST - /api/verify - Sat, 15 Jun 2024 02:43:57 GMT - 50.319 ms
GET - /api/posts - Sat, 15 Jun 2024 02:43:57 GMT - 0.201 ms
POST - /api/verify - Sat, 15 Jun 2024 02:43:57 GMT - 46.240 ms
GET - /api/posts - Sat, 15 Jun 2024 02:43:57 GMT - 0.164 ms
POST - /api/verify - Sat, 15 Jun 2024 02:43:57 GMT - 46.625 ms
GET - /api/posts - Sat, 15 Jun 2024 02:43:57 GMT - 0.390 ms
POST - /api/verify - Sat, 15 Jun 2024 02:43:57 GMT - 48.773 ms
GET - /api/posts - Sat, 15 Jun 2024 02:43:59 GMT - 0.172 ms
POST - /api/verify - Sat, 15 Jun 2024 02:43:59 GMT - 49.127 ms
GET - /api/posts - Sat, 15 Jun 2024 02:43:59 GMT - 0.215 ms
POST - /api/verify - Sat, 15 Jun 2024 02:43:59 GMT - 50.029 ms
GET - /api/posts - Sat, 15 Jun 2024 02:43:59 GMT - 0.259 ms
POST - /api/verify - Sat, 15 Jun 2024 02:43:59 GMT - 48.475 ms
GET - /api/posts - Sat, 15 Jun 2024 02:44:00 GMT - 0.361 ms
POST - /api/verify - Sat, 15 Jun 2024 02:44:00 GMT - 55.368 ms
GET - /api/posts - Sat, 15 Jun 2024 02:44:00 GMT - 0.183 ms
POST - /api/verify - Sat, 15 Jun 2024 02:44:00 GMT - 48.741 ms
GET - /api/posts - Sat, 15 Jun 2024 02:44:00 GMT - 0.800 ms
POST - /api/verify - Sat, 15 Jun 2024 02:44:00 GMT - 51.678 ms
GET - /api/posts - Sat, 15 Jun 2024 02:44:00 GMT - 0.300 ms
POST - /api/verify - Sat, 15 Jun 2024 02:44:00 GMT - 51.472 ms
GET - /api/posts - Sat, 15 Jun 2024 02:44:00 GMT - 0.220 ms
POST - /api/verify - Sat, 15 Jun 2024 02:44:00 GMT - 53.239 ms
GET - /api/posts - Sat, 15 Jun 2024 02:44:06 GMT - 0.429 ms
POST - /api/verify - Sat, 15 Jun 2024 02:44:06 GMT - 48.377 ms
GET - /api/posts - Sat, 15 Jun 2024 02:44:06 GMT - 0.127 ms
POST - /api/verify - Sat, 15 Jun 2024 02:44:06 GMT - 51.018 ms
GET - /api/posts - Sat, 15 Jun 2024 02:44:06 GMT - 0.222 ms
POST - /api/verify - Sat, 15 Jun 2024 02:44:06 GMT - 47.784 ms
GET - /api/posts - Sat, 15 Jun 2024 02:44:06 GMT - 0.126 ms
POST - /api/verify - Sat, 15 Jun 2024 02:44:06 GMT - 48.885 ms
GET - /api/posts - Sat, 15 Jun 2024 02:44:06 GMT - 0.186 ms
POST - /api/verify - Sat, 15 Jun 2024 02:44:07 GMT - 51.513 ms
GET - /api/posts - Sat, 15 Jun 2024 02:44:07 GMT - 0.221 ms
POST - /api/verify - Sat, 15 Jun 2024 02:44:07 GMT - - ms
GET - /api/posts - Sat, 15 Jun 2024 02:44:07 GMT - 0.341 ms
GET - /api/posts - Sat, 15 Jun 2024 02:44:07 GMT - 0.224 ms
GET - /api/posts - Sat, 15 Jun 2024 02:45:03 GMT - 0.206 ms
GET - /api/posts - Sat, 15 Jun 2024 02:45:03 GMT - 0.338 ms
GET - /api/posts - Sat, 15 Jun 2024 02:45:03 GMT - 0.130 ms
GET - /api/posts - Sat, 15 Jun 2024 02:45:03 GMT - 0.204 ms
GET - /api/posts - Sat, 15 Jun 2024 02:45:03 GMT - 0.383 ms
GET - /api/posts - Sat, 15 Jun 2024 02:45:04 GMT - 0.145 ms
GET - /api/posts - Sat, 15 Jun 2024 02:45:04 GMT - 0.160 ms
GET - /api/posts - Sat, 15 Jun 2024 02:45:04 GMT - 0.245 ms
GET - /api/posts - Sat, 15 Jun 2024 02:45:04 GMT - 0.175 ms
GET - /api/posts - Sat, 15 Jun 2024 02:45:04 GMT - 0.382 ms
GET - /api/posts - Sat, 15 Jun 2024 02:45:05 GMT - 0.153 ms
GET - /api/posts - Sat, 15 Jun 2024 02:45:05 GMT - 0.248 ms
GET - /api/posts - Sat, 15 Jun 2024 02:45:05 GMT - 0.257 ms
GET - /api/posts - Sat, 15 Jun 2024 02:45:05 GMT - 0.213 ms
GET - /api/posts - Sat, 15 Jun 2024 02:45:06 GMT - 0.259 ms
GET - /api/posts - Sat, 15 Jun 2024 02:45:06 GMT - 0.283 ms
GET - /api/posts - Sat, 15 Jun 2024 02:45:06 GMT - 0.163 ms
GET - /api/posts - Sat, 15 Jun 2024 02:45:06 GMT - 0.227 ms
GET - /api/posts - Sat, 15 Jun 2024 02:45:06 GMT - 0.201 ms
GET - /api/posts - Sat, 15 Jun 2024 02:45:07 GMT - 0.158 ms
GET - /api/posts - Sat, 15 Jun 2024 02:45:07 GMT - 0.145 ms
GET - /api/posts - Sat, 15 Jun 2024 02:45:07 GMT - 0.232 ms
GET - /api/posts - Sat, 15 Jun 2024 02:45:07 GMT - 0.272 ms
GET - /api/posts - Sat, 15 Jun 2024 02:45:07 GMT - 0.145 ms
GET - /api/posts - Sat, 15 Jun 2024 02:45:07 GMT - 0.140 ms
GET - /api/posts - Sat, 15 Jun 2024 02:45:08 GMT - 0.320 ms
GET - /api/posts - Sat, 15 Jun 2024 02:45:08 GMT - 0.144 ms
GET - /api/posts - Sat, 15 Jun 2024 02:45:08 GMT - 0.325 ms
GET - /api/posts - Sat, 15 Jun 2024 02:45:08 GMT - 0.223 ms
GET - /api/posts - Sat, 15 Jun 2024 02:45:08 GMT - 0.278 ms
GET - /api/posts - Sat, 15 Jun 2024 02:45:09 GMT - 0.146 ms
GET - /api/posts - Sat, 15 Jun 2024 02:45:09 GMT - 0.291 ms
GET - /api/posts - Sat, 15 Jun 2024 02:45:09 GMT - 0.319 ms
GET - /api/posts - Sat, 15 Jun 2024 02:45:09 GMT - 0.141 ms
GET - /api/posts - Sat, 15 Jun 2024 02:45:09 GMT - 0.169 ms
GET - /api/posts - Sat, 15 Jun 2024 02:45:10 GMT - 0.218 ms
GET - /api/posts - Sat, 15 Jun 2024 02:45:10 GMT - 0.211 ms
GET - /api/posts - Sat, 15 Jun 2024 02:45:10 GMT - 0.225 ms
GET - /api/posts - Sat, 15 Jun 2024 02:45:10 GMT - 0.161 ms
GET - /api/posts - Sat, 15 Jun 2024 02:45:10 GMT - 0.183 ms
GET - /api/posts - Sat, 15 Jun 2024 02:45:11 GMT - 0.173 ms
GET - /api/posts - Sat, 15 Jun 2024 02:45:11 GMT - 0.191 ms
GET - /api/posts - Sat, 15 Jun 2024 02:45:11 GMT - 0.251 ms
GET - /api/posts - Sat, 15 Jun 2024 02:45:11 GMT - 0.215 ms
GET - /api/posts - Sat, 15 Jun 2024 02:45:11 GMT - 0.178 ms
GET - /api/posts - Sat, 15 Jun 2024 02:45:12 GMT - 0.215 ms
GET - /api/posts - Sat, 15 Jun 2024 02:45:12 GMT - 0.145 ms
GET - /api/posts - Sat, 15 Jun 2024 02:45:12 GMT - 0.139 ms
GET - /api/posts - Sat, 15 Jun 2024 02:45:12 GMT - 0.200 ms
GET - /api/posts - Sat, 15 Jun 2024 02:45:12 GMT - 0.132 ms
GET - /api/posts - Sat, 15 Jun 2024 02:45:13 GMT - 0.148 ms
GET - /api/posts - Sat, 15 Jun 2024 02:45:13 GMT - 0.348 ms
GET - /api/posts - Sat, 15 Jun 2024 02:45:13 GMT - 0.229 ms
GET - /api/posts - Sat, 15 Jun 2024 02:45:13 GMT - 0.261 ms
GET - /api/posts - Sat, 15 Jun 2024 02:45:13 GMT - 0.172 ms
GET - /api/posts - Sat, 15 Jun 2024 02:45:14 GMT - 0.372 ms
GET - /api/posts - Sat, 15 Jun 2024 02:45:14 GMT - 0.188 ms
GET - /api/posts - Sat, 15 Jun 2024 02:45:14 GMT - 0.211 ms
GET - /api/posts - Sat, 15 Jun 2024 02:45:14 GMT - 0.245 ms
GET - /api/posts - Sat, 15 Jun 2024 02:45:14 GMT - 0.293 ms
GET - /api/posts - Sat, 15 Jun 2024 02:45:14 GMT - 0.155 ms
GET - /api/posts - Sat, 15 Jun 2024 02:45:15 GMT - 0.211 ms
GET - /api/posts - Sat, 15 Jun 2024 02:45:15 GMT - 0.153 ms
GET - /api/posts - Sat, 15 Jun 2024 02:45:15 GMT - 0.198 ms
GET - /api/posts - Sat, 15 Jun 2024 02:45:15 GMT - 0.131 ms
GET - /api/posts - Sat, 15 Jun 2024 02:45:15 GMT - 0.184 ms
GET - /api/posts - Sat, 15 Jun 2024 02:45:16 GMT - 0.143 ms
GET - /api/posts - Sat, 15 Jun 2024 02:45:16 GMT - 0.154 ms
GET - /api/posts - Sat, 15 Jun 2024 02:45:16 GMT - 0.207 ms
GET - /api/posts - Sat, 15 Jun 2024 02:45:16 GMT - 0.213 ms
GET - /api/posts - Sat, 15 Jun 2024 02:45:16 GMT - 0.281 ms
GET - /api/posts - Sat, 15 Jun 2024 02:45:17 GMT - 0.145 ms
GET - /api/posts - Sat, 15 Jun 2024 02:45:17 GMT - 0.275 ms
GET - /api/posts - Sat, 15 Jun 2024 02:45:17 GMT - 0.144 ms
GET - /api/posts - Sat, 15 Jun 2024 02:45:17 GMT - 0.279 ms
GET - /api/posts - Sat, 15 Jun 2024 02:45:17 GMT - 0.198 ms
GET - /api/posts - Sat, 15 Jun 2024 02:45:18 GMT - 0.247 ms
GET - /api/posts - Sat, 15 Jun 2024 02:45:18 GMT - 0.135 ms
GET - /api/posts - Sat, 15 Jun 2024 02:45:18 GMT - 0.223 ms
POST - /api/login - Sat, 15 Jun 2024 02:45:35 GMT - 524.993 ms
GET - /api/posts - Sat, 15 Jun 2024 02:45:35 GMT - 0.232 ms
GET - /api/posts - Sat, 15 Jun 2024 02:45:37 GMT - 0.149 ms
POST - /api/verify - Sat, 15 Jun 2024 02:45:37 GMT - 74.035 ms
GET - /api/posts - Sat, 15 Jun 2024 02:45:38 GMT - 0.184 ms
POST - /api/verify - Sat, 15 Jun 2024 02:45:38 GMT - 51.532 ms
GET - /api/posts - Sat, 15 Jun 2024 02:45:38 GMT - 0.145 ms
POST - /api/verify - Sat, 15 Jun 2024 02:45:38 GMT - 49.293 ms
GET - /api/posts - Sat, 15 Jun 2024 02:45:38 GMT - 0.169 ms
POST - /api/verify - Sat, 15 Jun 2024 02:45:38 GMT - 51.574 ms
GET - /api/posts - Sat, 15 Jun 2024 02:45:38 GMT - 0.127 ms
POST - /api/verify - Sat, 15 Jun 2024 02:45:38 GMT - 47.781 ms
GET - /api/posts - Sat, 15 Jun 2024 02:45:38 GMT - 0.160 ms
POST - /api/verify - Sat, 15 Jun 2024 02:45:38 GMT - 51.263 ms
GET - /api/posts - Sat, 15 Jun 2024 02:45:39 GMT - 0.153 ms
POST - /api/verify - Sat, 15 Jun 2024 02:45:39 GMT - 49.022 ms
GET - /api/posts - Sat, 15 Jun 2024 02:45:39 GMT - 0.417 ms
POST - /api/verify - Sat, 15 Jun 2024 02:45:39 GMT - 51.128 ms
GET - /api/posts - Sat, 15 Jun 2024 02:45:39 GMT - 0.237 ms
POST - /api/verify - Sat, 15 Jun 2024 02:45:39 GMT - 51.651 ms
GET - /api/posts - Sat, 15 Jun 2024 02:45:39 GMT - 0.187 ms
POST - /api/verify - Sat, 15 Jun 2024 02:45:39 GMT - 49.447 ms
GET - /api/posts - Sat, 15 Jun 2024 02:45:40 GMT - 0.278 ms
POST - /api/verify - Sat, 15 Jun 2024 02:45:40 GMT - 50.849 ms
GET - /api/posts - Sat, 15 Jun 2024 02:45:40 GMT - 0.569 ms
POST - /api/verify - Sat, 15 Jun 2024 02:45:40 GMT - 51.859 ms
GET - /api/posts - Sat, 15 Jun 2024 02:45:40 GMT - 0.180 ms
POST - /api/verify - Sat, 15 Jun 2024 02:45:40 GMT - 49.603 ms
GET - /api/posts - Sat, 15 Jun 2024 02:45:40 GMT - 0.177 ms
POST - /api/verify - Sat, 15 Jun 2024 02:45:40 GMT - 49.964 ms
GET - /api/posts - Sat, 15 Jun 2024 02:45:40 GMT - 0.150 ms
POST - /api/verify - Sat, 15 Jun 2024 02:45:40 GMT - 51.335 ms
GET - /api/posts - Sat, 15 Jun 2024 02:45:40 GMT - 0.255 ms
POST - /api/verify - Sat, 15 Jun 2024 02:45:41 GMT - 50.169 ms
GET - /api/posts - Sat, 15 Jun 2024 02:45:41 GMT - 0.160 ms
POST - /api/verify - Sat, 15 Jun 2024 02:45:41 GMT - 50.231 ms
GET - /api/posts - Sat, 15 Jun 2024 02:45:41 GMT - 0.137 ms
POST - /api/verify - Sat, 15 Jun 2024 02:45:41 GMT - 48.421 ms
GET - /api/posts - Sat, 15 Jun 2024 02:45:41 GMT - 0.136 ms
POST - /api/verify - Sat, 15 Jun 2024 02:45:41 GMT - 46.539 ms
GET - /api/posts - Sat, 15 Jun 2024 02:45:41 GMT - 0.247 ms
POST - /api/verify - Sat, 15 Jun 2024 02:45:41 GMT - 48.749 ms
GET - /api/posts - Sat, 15 Jun 2024 02:45:41 GMT - 0.174 ms
POST - /api/verify - Sat, 15 Jun 2024 02:45:41 GMT - 48.671 ms
GET - /api/posts - Sat, 15 Jun 2024 02:45:42 GMT - 0.235 ms
POST - /api/verify - Sat, 15 Jun 2024 02:45:42 GMT - 50.657 ms
GET - /api/posts - Sat, 15 Jun 2024 02:45:42 GMT - 0.188 ms
POST - /api/verify - Sat, 15 Jun 2024 02:45:42 GMT - 51.793 ms
GET - /api/posts - Sat, 15 Jun 2024 02:45:42 GMT - 0.157 ms
POST - /api/verify - Sat, 15 Jun 2024 02:45:42 GMT - 50.156 ms
GET - /api/posts - Sat, 15 Jun 2024 02:45:42 GMT - 0.138 ms
POST - /api/verify - Sat, 15 Jun 2024 02:45:42 GMT - 50.192 ms
GET - /api/posts - Sat, 15 Jun 2024 02:45:43 GMT - 0.212 ms
POST - /api/verify - Sat, 15 Jun 2024 02:45:43 GMT - 48.189 ms
GET - /api/posts - Sat, 15 Jun 2024 02:45:43 GMT - 0.159 ms
POST - /api/verify - Sat, 15 Jun 2024 02:45:43 GMT - 51.022 ms
GET - /api/posts - Sat, 15 Jun 2024 02:45:43 GMT - 0.140 ms
POST - /api/verify - Sat, 15 Jun 2024 02:45:43 GMT - 50.172 ms
GET - /api/posts - Sat, 15 Jun 2024 02:45:43 GMT - 0.163 ms
POST - /api/verify - Sat, 15 Jun 2024 02:45:43 GMT - 51.952 ms
GET - /api/posts - Sat, 15 Jun 2024 02:45:43 GMT - 0.159 ms
POST - /api/verify - Sat, 15 Jun 2024 02:45:43 GMT - 52.856 ms
GET - /api/posts - Sat, 15 Jun 2024 02:45:43 GMT - 0.393 ms
POST - /api/verify - Sat, 15 Jun 2024 02:45:44 GMT - 51.954 ms
GET - /api/posts - Sat, 15 Jun 2024 02:45:44 GMT - 0.157 ms
POST - /api/verify - Sat, 15 Jun 2024 02:45:44 GMT - 53.473 ms
GET - /api/posts - Sat, 15 Jun 2024 02:45:44 GMT - 0.149 ms
POST - /api/verify - Sat, 15 Jun 2024 02:45:44 GMT - 49.717 ms
GET - /api/posts - Sat, 15 Jun 2024 02:45:44 GMT - 0.414 ms
POST - /api/verify - Sat, 15 Jun 2024 02:45:44 GMT - 98.700 ms
GET - /api/posts - Sat, 15 Jun 2024 02:45:44 GMT - 0.246 ms
POST - /api/verify - Sat, 15 Jun 2024 02:45:44 GMT - 48.076 ms
GET - /api/posts - Sat, 15 Jun 2024 02:45:45 GMT - 0.224 ms
POST - /api/verify - Sat, 15 Jun 2024 02:45:45 GMT - 49.200 ms
GET - /api/posts - Sat, 15 Jun 2024 02:45:45 GMT - 0.147 ms
POST - /api/verify - Sat, 15 Jun 2024 02:45:45 GMT - 48.491 ms
GET - /api/posts - Sat, 15 Jun 2024 02:45:45 GMT - 0.296 ms
POST - /api/verify - Sat, 15 Jun 2024 02:45:45 GMT - 49.393 ms
GET - /api/posts - Sat, 15 Jun 2024 02:45:45 GMT - 0.121 ms
POST - /api/verify - Sat, 15 Jun 2024 02:45:45 GMT - 50.925 ms
GET - /api/posts - Sat, 15 Jun 2024 02:45:45 GMT - 0.145 ms
POST - /api/verify - Sat, 15 Jun 2024 02:45:45 GMT - 48.451 ms
GET - /api/posts - Sat, 15 Jun 2024 02:45:45 GMT - 0.341 ms
POST - /api/verify - Sat, 15 Jun 2024 02:45:46 GMT - 49.272 ms
GET - /api/posts - Sat, 15 Jun 2024 02:45:46 GMT - 0.335 ms
POST - /api/verify - Sat, 15 Jun 2024 02:45:46 GMT - 49.648 ms
GET - /api/posts - Sat, 15 Jun 2024 02:45:46 GMT - 0.180 ms
POST - /api/verify - Sat, 15 Jun 2024 02:45:46 GMT - 50.265 ms
GET - /api/posts - Sat, 15 Jun 2024 02:45:46 GMT - 0.939 ms
POST - /api/verify - Sat, 15 Jun 2024 02:45:46 GMT - 49.472 ms
GET - /api/posts - Sat, 15 Jun 2024 02:45:46 GMT - 0.148 ms
POST - /api/verify - Sat, 15 Jun 2024 02:45:46 GMT - 48.474 ms
GET - /api/posts - Sat, 15 Jun 2024 02:45:46 GMT - 0.181 ms
POST - /api/verify - Sat, 15 Jun 2024 02:45:46 GMT - 49.532 ms
GET - /api/posts - Sat, 15 Jun 2024 02:45:47 GMT - 0.187 ms
POST - /api/verify - Sat, 15 Jun 2024 02:45:47 GMT - 50.064 ms
GET - /api/posts - Sat, 15 Jun 2024 02:45:47 GMT - 0.444 ms
POST - /api/verify - Sat, 15 Jun 2024 02:45:47 GMT - 50.070 ms
GET - /api/posts - Sat, 15 Jun 2024 02:45:47 GMT - 0.713 ms
POST - /api/verify - Sat, 15 Jun 2024 02:45:47 GMT - 49.267 ms
GET - /api/posts - Sat, 15 Jun 2024 02:45:47 GMT - 0.806 ms
POST - /api/verify - Sat, 15 Jun 2024 02:45:47 GMT - 49.528 ms
GET - /api/posts - Sat, 15 Jun 2024 02:45:47 GMT - 0.282 ms
POST - /api/verify - Sat, 15 Jun 2024 02:45:48 GMT - 51.808 ms
GET - /api/posts - Sat, 15 Jun 2024 02:45:48 GMT - 0.706 ms
POST - /api/verify - Sat, 15 Jun 2024 02:45:48 GMT - 54.108 ms
GET - /api/posts - Sat, 15 Jun 2024 02:45:48 GMT - 0.253 ms
POST - /api/verify - Sat, 15 Jun 2024 02:45:48 GMT - 49.482 ms
GET - /api/posts - Sat, 15 Jun 2024 02:45:48 GMT - 0.146 ms
POST - /api/verify - Sat, 15 Jun 2024 02:45:48 GMT - 50.084 ms
GET - /api/posts - Sat, 15 Jun 2024 02:45:48 GMT - 0.146 ms
POST - /api/verify - Sat, 15 Jun 2024 02:45:48 GMT - 49.775 ms
GET - /api/posts - Sat, 15 Jun 2024 02:45:48 GMT - 0.138 ms
POST - /api/verify - Sat, 15 Jun 2024 02:45:48 GMT - 48.825 ms
GET - /api/posts - Sat, 15 Jun 2024 02:45:49 GMT - 0.248 ms
POST - /api/verify - Sat, 15 Jun 2024 02:45:49 GMT - 51.449 ms
GET - /api/posts - Sat, 15 Jun 2024 02:45:49 GMT - 0.202 ms
POST - /api/verify - Sat, 15 Jun 2024 02:45:49 GMT - 77.326 ms
GET - /api/posts - Sat, 15 Jun 2024 02:45:49 GMT - 0.245 ms
POST - /api/verify - Sat, 15 Jun 2024 02:45:49 GMT - 51.780 ms
GET - /api/posts - Sat, 15 Jun 2024 02:45:49 GMT - 0.151 ms
POST - /api/verify - Sat, 15 Jun 2024 02:45:49 GMT - 50.330 ms
GET - /api/posts - Sat, 15 Jun 2024 02:45:50 GMT - 0.147 ms
POST - /api/verify - Sat, 15 Jun 2024 02:45:50 GMT - 47.505 ms
GET - /api/posts - Sat, 15 Jun 2024 02:45:50 GMT - 0.211 ms
POST - /api/verify - Sat, 15 Jun 2024 02:45:50 GMT - 50.272 ms
GET - /api/posts - Sat, 15 Jun 2024 02:45:50 GMT - 0.256 ms
POST - /api/verify - Sat, 15 Jun 2024 02:45:50 GMT - 48.671 ms
GET - /api/posts - Sat, 15 Jun 2024 02:45:50 GMT - 0.180 ms
POST - /api/verify - Sat, 15 Jun 2024 02:45:50 GMT - 49.093 ms
GET - /api/posts - Sat, 15 Jun 2024 02:45:50 GMT - 0.128 ms
POST - /api/verify - Sat, 15 Jun 2024 02:45:50 GMT - 51.742 ms
GET - /api/posts - Sat, 15 Jun 2024 02:45:51 GMT - 0.190 ms
POST - /api/verify - Sat, 15 Jun 2024 02:45:51 GMT - 50.708 ms
GET - /api/posts - Sat, 15 Jun 2024 02:45:51 GMT - 0.137 ms
POST - /api/verify - Sat, 15 Jun 2024 02:45:51 GMT - 48.286 ms
GET - /api/posts - Sat, 15 Jun 2024 02:45:51 GMT - 0.141 ms
POST - /api/verify - Sat, 15 Jun 2024 02:45:51 GMT - 48.682 ms
GET - /api/posts - Sat, 15 Jun 2024 02:45:51 GMT - 0.245 ms
POST - /api/verify - Sat, 15 Jun 2024 02:45:51 GMT - 50.197 ms
GET - /api/posts - Sat, 15 Jun 2024 02:45:51 GMT - 0.279 ms
POST - /api/verify - Sat, 15 Jun 2024 02:45:51 GMT - 48.812 ms
GET - /api/posts - Sat, 15 Jun 2024 02:45:52 GMT - 0.156 ms
POST - /api/verify - Sat, 15 Jun 2024 02:45:52 GMT - 49.947 ms
GET - /api/posts - Sat, 15 Jun 2024 02:45:52 GMT - 0.156 ms
POST - /api/verify - Sat, 15 Jun 2024 02:45:52 GMT - 48.117 ms
GET - /api/posts - Sat, 15 Jun 2024 02:45:52 GMT - 0.758 ms
POST - /api/verify - Sat, 15 Jun 2024 02:45:52 GMT - 49.942 ms
GET - /api/posts - Sat, 15 Jun 2024 02:45:52 GMT - 0.919 ms
POST - /api/verify - Sat, 15 Jun 2024 02:45:52 GMT - 49.512 ms
GET - /api/posts - Sat, 15 Jun 2024 02:45:52 GMT - 0.154 ms
POST - /api/verify - Sat, 15 Jun 2024 02:45:53 GMT - 49.991 ms
GET - /api/posts - Sat, 15 Jun 2024 02:45:53 GMT - 0.254 ms
POST - /api/verify - Sat, 15 Jun 2024 02:45:53 GMT - 50.549 ms
GET - /api/posts - Sat, 15 Jun 2024 02:45:53 GMT - 0.182 ms
POST - /api/verify - Sat, 15 Jun 2024 02:45:53 GMT - 50.883 ms
GET - /api/posts - Sat, 15 Jun 2024 02:45:53 GMT - 0.161 ms
POST - /api/verify - Sat, 15 Jun 2024 02:45:53 GMT - 50.270 ms
GET - /api/posts - Sat, 15 Jun 2024 02:45:53 GMT - 0.113 ms
POST - /api/verify - Sat, 15 Jun 2024 02:45:53 GMT - 48.654 ms
GET - /api/posts - Sat, 15 Jun 2024 02:45:53 GMT - 0.471 ms
POST - /api/verify - Sat, 15 Jun 2024 02:45:53 GMT - 49.586 ms
GET - /api/posts - Sat, 15 Jun 2024 02:45:54 GMT - 0.216 ms
POST - /api/verify - Sat, 15 Jun 2024 02:45:54 GMT - 49.508 ms
GET - /api/posts - Sat, 15 Jun 2024 02:45:54 GMT - 0.256 ms
POST - /api/verify - Sat, 15 Jun 2024 02:45:54 GMT - 50.278 ms
GET - /api/posts - Sat, 15 Jun 2024 02:45:54 GMT - 0.277 ms
POST - /api/verify - Sat, 15 Jun 2024 02:45:54 GMT - 51.559 ms
GET - /api/posts - Sat, 15 Jun 2024 02:45:54 GMT - 0.296 ms
POST - /api/verify - Sat, 15 Jun 2024 02:45:54 GMT - 83.030 ms
GET - /api/posts - Sat, 15 Jun 2024 02:45:55 GMT - 0.245 ms
POST - /api/verify - Sat, 15 Jun 2024 02:45:55 GMT - 50.823 ms
GET - /api/posts - Sat, 15 Jun 2024 02:45:55 GMT - 0.135 ms
POST - /api/verify - Sat, 15 Jun 2024 02:45:55 GMT - 49.473 ms
GET - /api/posts - Sat, 15 Jun 2024 02:45:55 GMT - 0.144 ms
POST - /api/verify - Sat, 15 Jun 2024 02:45:55 GMT - 48.978 ms
GET - /api/posts - Sat, 15 Jun 2024 02:45:55 GMT - 0.291 ms
POST - /api/verify - Sat, 15 Jun 2024 02:45:55 GMT - 51.153 ms
GET - /api/posts - Sat, 15 Jun 2024 02:45:55 GMT - 0.285 ms
POST - /api/verify - Sat, 15 Jun 2024 02:45:55 GMT - 50.772 ms
GET - /api/posts - Sat, 15 Jun 2024 02:45:56 GMT - 0.161 ms
POST - /api/verify - Sat, 15 Jun 2024 02:45:56 GMT - 49.748 ms
GET - /api/posts - Sat, 15 Jun 2024 02:45:56 GMT - 0.218 ms
POST - /api/verify - Sat, 15 Jun 2024 02:45:56 GMT - 48.853 ms
GET - /api/posts - Sat, 15 Jun 2024 02:45:56 GMT - 0.121 ms
POST - /api/verify - Sat, 15 Jun 2024 02:45:56 GMT - 50.612 ms
GET - /api/posts - Sat, 15 Jun 2024 02:45:56 GMT - 0.149 ms
POST - /api/verify - Sat, 15 Jun 2024 02:45:56 GMT - 48.109 ms
GET - /api/posts - Sat, 15 Jun 2024 02:45:57 GMT - 0.154 ms
POST - /api/verify - Sat, 15 Jun 2024 02:45:57 GMT - 51.043 ms
GET - /api/posts - Sat, 15 Jun 2024 02:45:57 GMT - 0.419 ms
POST - /api/verify - Sat, 15 Jun 2024 02:45:57 GMT - 51.971 ms
GET - /api/posts - Sat, 15 Jun 2024 02:45:57 GMT - 0.128 ms
POST - /api/verify - Sat, 15 Jun 2024 02:45:57 GMT - 47.635 ms
GET - /api/posts - Sat, 15 Jun 2024 02:45:58 GMT - 0.373 ms
POST - /api/verify - Sat, 15 Jun 2024 02:45:58 GMT - 50.298 ms
GET - /api/posts - Sat, 15 Jun 2024 02:45:58 GMT - 0.265 ms
POST - /api/verify - Sat, 15 Jun 2024 02:45:58 GMT - 50.589 ms
GET - /api/posts - Sat, 15 Jun 2024 02:45:58 GMT - 0.299 ms
POST - /api/verify - Sat, 15 Jun 2024 02:45:58 GMT - - ms
GET - /api/posts - Sat, 15 Jun 2024 02:45:58 GMT - 0.136 ms
GET - /api/posts - Sat, 15 Jun 2024 02:45:58 GMT - 0.224 ms
GET - /api/posts - Sat, 15 Jun 2024 02:45:59 GMT - 0.131 ms
POST - /api/login - Sat, 15 Jun 2024 02:46:28 GMT - 210.323 ms
GET - /api/posts - Sat, 15 Jun 2024 02:46:28 GMT - 0.172 ms
POST - /api/post - Sat, 15 Jun 2024 02:52:27 GMT - 2.793 ms
POST - /api/login - Sat, 15 Jun 2024 02:53:58 GMT - 208.368 ms
GET - /api/posts - Sat, 15 Jun 2024 02:53:58 GMT - 0.187 ms
POST - /api/login - Sat, 15 Jun 2024 03:23:05 GMT - 225.433 ms
GET - /api/posts - Sat, 15 Jun 2024 03:23:05 GMT - 1.804 ms
POST - /api/post - Sat, 15 Jun 2024 03:23:28 GMT - 4.881 ms
POST - /api/login - Sat, 15 Jun 2024 03:24:23 GMT - 166.036 ms
GET - /api/posts - Sat, 15 Jun 2024 03:24:23 GMT - 0.276 ms
GET - /api/posts - Sat, 15 Jun 2024 03:32:20 GMT - 2.286 ms
POST - /api/verify - Sat, 15 Jun 2024 03:32:20 GMT - 56.837 ms
GET - /api/posts - Sat, 15 Jun 2024 03:32:20 GMT - 0.299 ms
POST - /api/verify - Sat, 15 Jun 2024 03:32:20 GMT - 49.631 ms
GET - /api/posts - Sat, 15 Jun 2024 03:32:21 GMT - 0.164 ms
POST - /api/verify - Sat, 15 Jun 2024 03:32:21 GMT - 49.746 ms
GET - /api/posts - Sat, 15 Jun 2024 03:32:21 GMT - 0.257 ms
POST - /api/verify - Sat, 15 Jun 2024 03:32:21 GMT - 51.909 ms
GET - /api/posts - Sat, 15 Jun 2024 03:36:39 GMT - 0.739 ms
POST - /api/verify - Sat, 15 Jun 2024 03:36:39 GMT - 61.055 ms
GET - /api/posts - Sat, 15 Jun 2024 03:36:40 GMT - 1.244 ms
POST - /api/verify - Sat, 15 Jun 2024 03:36:40 GMT - 49.699 ms
POST - /api/verify - Sat, 15 Jun 2024 03:37:16 GMT - 66.569 ms
GET - /api/posts - Sat, 15 Jun 2024 03:37:16 GMT - 57.401 ms
POST - /api/login - Sat, 15 Jun 2024 03:38:02 GMT - 167.217 ms
GET - /api/posts - Sat, 15 Jun 2024 03:38:02 GMT - 46.693 ms
POST - /api/post - Sat, 15 Jun 2024 03:38:24 GMT - 2.967 ms
POST - /api/login - Sat, 15 Jun 2024 03:39:43 GMT - 164.341 ms
GET - /api/posts - Sat, 15 Jun 2024 03:39:43 GMT - 47.795 ms
POST - /api/post - Sat, 15 Jun 2024 03:42:39 GMT - 8.107 ms
POST - /api/login - Sat, 15 Jun 2024 03:43:04 GMT - 178.288 ms
GET - /api/posts - Sat, 15 Jun 2024 03:43:04 GMT - 50.640 ms
POST - /api/post - Sat, 15 Jun 2024 03:46:54 GMT - 156.552 ms
GET - /api/posts - Sat, 15 Jun 2024 03:46:54 GMT - 115.707 ms
GET - /api/post/666d0eaefd0bd8e4f1ac4ffd - Sat, 15 Jun 2024 03:47:07 GMT - 0.642 ms
GET - /api/posts - Sat, 15 Jun 2024 03:47:10 GMT - 99.479 ms
GET - /api/post/666d0eaefd0bd8e4f1ac4ffd - Sat, 15 Jun 2024 03:47:11 GMT - 0.517 ms
GET - /api/posts - Sat, 15 Jun 2024 03:47:19 GMT - 99.080 ms
GET - /api/post/666d0eaefd0bd8e4f1ac4ffd - Sat, 15 Jun 2024 03:47:20 GMT - 0.361 ms
GET - /api/posts - Sat, 15 Jun 2024 03:47:22 GMT - 472.825 ms
DELETE - /api/post/666d0eaefd0bd8e4f1ac4ffd - Sat, 15 Jun 2024 03:47:25 GMT - 1.221 ms
GET - /api/posts - Sat, 15 Jun 2024 03:47:25 GMT - 103.572 ms
DELETE - /api/post/666d0eaefd0bd8e4f1ac4ffd - Sat, 15 Jun 2024 03:47:26 GMT - 1.146 ms
GET - /api/posts - Sat, 15 Jun 2024 03:47:26 GMT - 100.485 ms
DELETE - /api/post/666d0eaefd0bd8e4f1ac4ffd - Sat, 15 Jun 2024 03:47:28 GMT - 0.807 ms
GET - /api/posts - Sat, 15 Jun 2024 03:47:28 GMT - 95.003 ms
DELETE - /api/post/666d0eaefd0bd8e4f1ac4ffd - Sat, 15 Jun 2024 03:47:29 GMT - 1.039 ms
GET - /api/posts - Sat, 15 Jun 2024 03:47:29 GMT - 93.868 ms
DELETE - /api/post/666d0eaefd0bd8e4f1ac4ffd - Sat, 15 Jun 2024 03:47:29 GMT - 1.012 ms
GET - /api/posts - Sat, 15 Jun 2024 03:47:29 GMT - 94.167 ms
GET - /api/post/666d0eaefd0bd8e4f1ac4ffd - Sat, 15 Jun 2024 03:48:10 GMT - 115.575 ms
GET - /api/posts - Sat, 15 Jun 2024 03:48:12 GMT - 96.006 ms
POST - /api/verify - Sat, 15 Jun 2024 03:48:56 GMT - 59.992 ms
GET - /api/posts - Sat, 15 Jun 2024 03:48:56 GMT - 111.836 ms
GET - /api/post/666d0eaefd0bd8e4f1ac4ffd - Sat, 15 Jun 2024 03:48:58 GMT - 98.117 ms
GET - /api/posts - Sat, 15 Jun 2024 03:49:00 GMT - 104.990 ms
DELETE - /api/post/666d0eaefd0bd8e4f1ac4ffd - Sat, 15 Jun 2024 03:49:06 GMT - 61.374 ms
GET - /api/posts - Sat, 15 Jun 2024 03:49:06 GMT - 48.389 ms
POST - /api/post - Sat, 15 Jun 2024 03:49:26 GMT - 88.593 ms
GET - /api/posts - Sat, 15 Jun 2024 03:49:26 GMT - 101.614 ms
GET - /api/post/666d0f46afcc6658ce945982 - Sat, 15 Jun 2024 03:49:28 GMT - 96.429 ms
GET - /api/posts - Sat, 15 Jun 2024 03:49:30 GMT - 96.649 ms
GET - /api/post/666d0f46afcc6658ce945982 - Sat, 15 Jun 2024 03:49:32 GMT - 94.064 ms
GET - /post/666d0f46afcc6658ce945982 - Sat, 15 Jun 2024 03:49:33 GMT - 10.324 ms
POST - /api/verify - Sat, 15 Jun 2024 03:49:33 GMT - 54.723 ms
GET - /api/post/666d0f46afcc6658ce945982 - Sat, 15 Jun 2024 03:49:33 GMT - 103.907 ms
GET - /post/666d0f46afcc6658ce945982 - Sat, 15 Jun 2024 03:49:33 GMT - 0.659 ms
POST - /api/verify - Sat, 15 Jun 2024 03:49:33 GMT - 78.798 ms
GET - /api/post/666d0f46afcc6658ce945982 - Sat, 15 Jun 2024 03:49:33 GMT - 117.163 ms
GET - /post/666d0f46afcc6658ce945982 - Sat, 15 Jun 2024 03:49:33 GMT - 0.374 ms
POST - /api/verify - Sat, 15 Jun 2024 03:49:34 GMT - 54.096 ms
GET - /api/post/666d0f46afcc6658ce945982 - Sat, 15 Jun 2024 03:49:34 GMT - 104.846 ms
GET - /post/666d0f46afcc6658ce945982 - Sat, 15 Jun 2024 03:49:34 GMT - 0.400 ms
POST - /api/verify - Sat, 15 Jun 2024 03:49:34 GMT - 49.742 ms
GET - /api/post/666d0f46afcc6658ce945982 - Sat, 15 Jun 2024 03:49:34 GMT - 98.564 ms
GET - /post/666d0f46afcc6658ce945982 - Sat, 15 Jun 2024 03:49:34 GMT - 0.450 ms
POST - /api/verify - Sat, 15 Jun 2024 03:49:34 GMT - 53.996 ms
GET - /api/post/666d0f46afcc6658ce945982 - Sat, 15 Jun 2024 03:49:34 GMT - 100.007 ms
GET - /post/666d0f46afcc6658ce945982 - Sat, 15 Jun 2024 03:49:34 GMT - 0.470 ms
POST - /api/verify - Sat, 15 Jun 2024 03:49:34 GMT - 49.413 ms
GET - /api/post/666d0f46afcc6658ce945982 - Sat, 15 Jun 2024 03:49:34 GMT - 96.941 ms
GET - /api/posts - Sat, 15 Jun 2024 04:01:55 GMT - 463.287 ms
POST - /api/post - Sat, 15 Jun 2024 04:02:12 GMT - 83.379 ms
GET - /api/posts - Sat, 15 Jun 2024 04:02:12 GMT - 94.976 ms
POST - /api/post - Sat, 15 Jun 2024 04:02:31 GMT - 82.381 ms
GET - /api/posts - Sat, 15 Jun 2024 04:02:31 GMT - 94.459 ms
DELETE - /api/post/666d0f46afcc6658ce945982 - Sat, 15 Jun 2024 04:02:36 GMT - 57.792 ms
GET - /api/posts - Sat, 15 Jun 2024 04:02:36 GMT - 94.696 ms
GET - /api/post/666d125775d433cbad78d949 - Sat, 15 Jun 2024 04:02:43 GMT - 99.510 ms
GET - /api/posts - Sat, 15 Jun 2024 04:02:45 GMT - 93.707 ms
GET - /api/post/666d124475d433cbad78d945 - Sat, 15 Jun 2024 04:02:51 GMT - 91.257 ms
GET - /api/posts - Sat, 15 Jun 2024 04:02:55 GMT - 93.918 ms
GET - /api/post/666d125775d433cbad78d949 - Sat, 15 Jun 2024 04:02:58 GMT - 92.413 ms
GET - /api/posts - Sat, 15 Jun 2024 04:03:03 GMT - 92.210 ms
POST - /api/login - Sat, 15 Jun 2024 04:03:26 GMT - 234.877 ms
GET - /api/posts - Sat, 15 Jun 2024 04:03:26 GMT - 93.067 ms
POST - /api/post - Sat, 15 Jun 2024 04:04:55 GMT - 57.909 ms
GET - /api/posts - Sat, 15 Jun 2024 04:04:55 GMT - 92.995 ms
GET - /api/post/666d124475d433cbad78d945 - Sat, 15 Jun 2024 04:05:05 GMT - 92.269 ms
GET - /api/posts - Sat, 15 Jun 2024 04:05:08 GMT - 375.345 ms
GET - /api/post/666d125775d433cbad78d949 - Sat, 15 Jun 2024 04:05:09 GMT - 92.221 ms
GET - /api/posts - Sat, 15 Jun 2024 04:05:19 GMT - 91.637 ms
POST - /api/login - Sat, 15 Jun 2024 04:08:16 GMT - 232.178 ms
GET - /api/posts - Sat, 15 Jun 2024 04:08:16 GMT - 92.635 ms
POST - /api/post - Sat, 15 Jun 2024 04:09:11 GMT - 59.125 ms
GET - /api/posts - Sat, 15 Jun 2024 04:09:11 GMT - 95.481 ms
POST - /api/login - Sat, 15 Jun 2024 04:37:27 GMT - 220.857 ms
POST - /api/login - Sat, 15 Jun 2024 04:37:48 GMT - 226.009 ms
GET - /api/posts - Sat, 15 Jun 2024 04:37:48 GMT - 115.211 ms
POST - /api/post - Sat, 15 Jun 2024 04:38:07 GMT - 179.195 ms
GET - /api/posts - Sat, 15 Jun 2024 04:38:07 GMT - 103.203 ms
DELETE - /api/post/666d1aafd34a7438ffb35bad - Sat, 15 Jun 2024 04:38:19 GMT - 198.869 ms
GET - /api/posts - Sat, 15 Jun 2024 04:38:19 GMT - 101.242 ms
POST - /api/post - Sat, 15 Jun 2024 04:43:42 GMT - 179.937 ms
GET - /api/posts - Sat, 15 Jun 2024 04:43:42 GMT - 114.100 ms
DELETE - /api/post/666d1bfedad1c08ac6e82380 - Sat, 15 Jun 2024 04:43:47 GMT - 110.591 ms
GET - /api/posts - Sat, 15 Jun 2024 04:43:47 GMT - 106.518 ms
POST - /api/post - Sat, 15 Jun 2024 04:45:57 GMT - 193.276 ms
GET - /api/posts - Sat, 15 Jun 2024 04:45:57 GMT - 110.286 ms
DELETE - /api/post/666d1c85289dd9234e21bb5c - Sat, 15 Jun 2024 04:46:02 GMT - 110.318 ms
GET - /api/posts - Sat, 15 Jun 2024 04:46:02 GMT - 100.754 ms
POST - /api/post - Sat, 15 Jun 2024 04:47:02 GMT - 117.695 ms
GET - /api/posts - Sat, 15 Jun 2024 04:47:02 GMT - 100.780 ms
POST - /api/login - Sat, 15 Jun 2024 04:47:30 GMT - 167.710 ms
GET - /api/posts - Sat, 15 Jun 2024 04:47:30 GMT - 95.162 ms
GET - /admin/logout - Sat, 15 Jun 2024 04:47:54 GMT - 1.544 ms
GET - /admin/login - Sat, 15 Jun 2024 04:47:56 GMT - 2527.607 ms
POST - /admin/login - Sat, 15 Jun 2024 04:48:10 GMT - 456.849 ms
GET - /admin/dashboard - Sat, 15 Jun 2024 04:48:10 GMT - 142.013 ms
POST - /admin/approve - Sat, 15 Jun 2024 05:05:31 GMT - 1.201 ms
POST - /admin/approve - Sat, 15 Jun 2024 05:05:35 GMT - 0.648 ms
GET - /signin - Sat, 15 Jun 2024 07:27:30 GMT - 14.136 ms
POST - /api/verify - Sat, 15 Jun 2024 07:27:31 GMT - 111.252 ms
GET - /api/posts - Sat, 15 Jun 2024 07:27:31 GMT - 139.750 ms
POST - /api/verify - Sat, 15 Jun 2024 07:27:36 GMT - 51.579 ms
GET - /api/posts - Sat, 15 Jun 2024 07:27:36 GMT - 106.379 ms
GET - /admin/logout - Sat, 15 Jun 2024 07:36:36 GMT - 3.450 ms
GET - /admin/login - Sat, 15 Jun 2024 07:36:36 GMT - 250.414 ms
GET - /admin/ - Sat, 15 Jun 2024 07:36:41 GMT - 0.830 ms
GET - /admin/login - Sat, 15 Jun 2024 07:36:41 GMT - 7.382 ms
GET - /admin/dashboard - Sat, 15 Jun 2024 07:36:46 GMT - 0.717 ms
GET - /admin/login - Sat, 15 Jun 2024 07:36:46 GMT - 5.952 ms
POST - /admin/login - Sat, 15 Jun 2024 07:37:01 GMT - 184.491 ms
GET - /admin/dashboard - Sat, 15 Jun 2024 07:37:01 GMT - 140.313 ms
GET - /admin/dashboard - Sat, 15 Jun 2024 07:40:58 GMT - 106.682 ms
GET - /admin/dashboard - Sat, 15 Jun 2024 07:41:09 GMT - 110.861 ms
GET - /admin/dashboard - Sat, 15 Jun 2024 07:43:15 GMT - 3.083 ms
GET - /admin/login - Sat, 15 Jun 2024 07:43:15 GMT - 142.501 ms
POST - /admin/login - Sat, 15 Jun 2024 07:43:25 GMT - 176.851 ms
GET - /admin/dashboard - Sat, 15 Jun 2024 07:43:25 GMT - 128.524 ms
GET - /admin/dashboard - Sat, 15 Jun 2024 07:43:57 GMT - 2.965 ms
GET - /admin/login - Sat, 15 Jun 2024 07:43:57 GMT - 139.792 ms
POST - /admin/login - Sat, 15 Jun 2024 07:44:15 GMT - 183.054 ms
GET - /admin/dashboard - Sat, 15 Jun 2024 07:44:15 GMT - 147.735 ms
GET - /admin/dashboard - Sat, 15 Jun 2024 07:46:09 GMT - 3.481 ms
GET - /admin/login - Sat, 15 Jun 2024 07:46:10 GMT - 150.450 ms
POST - /admin/login - Sat, 15 Jun 2024 07:46:19 GMT - 220.387 ms
GET - /admin/dashboard - Sat, 15 Jun 2024 07:46:19 GMT - 99.511 ms
GET - /admin/dashboard - Sat, 15 Jun 2024 07:46:43 GMT - 4.615 ms
GET - /admin/login - Sat, 15 Jun 2024 07:46:44 GMT - 154.724 ms
POST - /admin/login - Sat, 15 Jun 2024 07:46:53 GMT - 180.730 ms
GET - /admin/dashboard - Sat, 15 Jun 2024 07:46:54 GMT - 139.396 ms
GET - /admin/dashboard - Sat, 15 Jun 2024 07:47:49 GMT - 4.207 ms
GET - /admin/login - Sat, 15 Jun 2024 07:47:49 GMT - 166.235 ms
POST - /admin/login - Sat, 15 Jun 2024 07:47:59 GMT - 179.845 ms
GET - /admin/dashboard - Sat, 15 Jun 2024 07:48:00 GMT - 158.074 ms
GET - /admin/dashboard - Sat, 15 Jun 2024 07:51:11 GMT - 3.053 ms
GET - /admin/login - Sat, 15 Jun 2024 07:51:11 GMT - 144.306 ms
POST - /admin/login - Sat, 15 Jun 2024 07:51:20 GMT - 181.926 ms
GET - /admin/dashboard - Sat, 15 Jun 2024 07:51:20 GMT - 138.238 ms
GET - /admin/dashboard - Sat, 15 Jun 2024 07:51:40 GMT - 110.563 ms
GET - /admin/dashboard - Sat, 15 Jun 2024 07:51:41 GMT - 97.846 ms
GET - /admin/dashboard - Sat, 15 Jun 2024 07:51:42 GMT - 91.191 ms
GET - /admin/dashboard - Sat, 15 Jun 2024 07:51:42 GMT - 95.089 ms
GET - /admin/dashboard - Sat, 15 Jun 2024 07:51:43 GMT - 93.226 ms
GET - /admin/dashboard - Sat, 15 Jun 2024 07:51:43 GMT - 95.066 ms
GET - /admin/dashboard - Sat, 15 Jun 2024 07:51:50 GMT - 89.376 ms
GET - /admin/dashboard - Sat, 15 Jun 2024 07:52:11 GMT - 100.674 ms
GET - /admin/dashboard - Sat, 15 Jun 2024 07:52:49 GMT - 107.515 ms
GET - /admin/dashboard - Sat, 15 Jun 2024 07:52:50 GMT - 120.329 ms
GET - /admin/dashboard - Sat, 15 Jun 2024 07:53:15 GMT - 123.780 ms
GET - /admin/dashboard - Sat, 15 Jun 2024 07:53:16 GMT - 112.376 ms
GET - /admin/dashboard - Sat, 15 Jun 2024 07:53:16 GMT - 113.057 ms
GET - /admin/dashboard - Sat, 15 Jun 2024 07:58:06 GMT - 119.048 ms
GET - /admin/dashboard - Sat, 15 Jun 2024 07:58:07 GMT - 110.006 ms
POST - /admin/moderate - Sat, 15 Jun 2024 07:58:11 GMT - 59.294 ms
GET - /admin/dashboard - Sat, 15 Jun 2024 07:58:11 GMT - 73.578 ms
GET - /login - Sat, 15 Jun 2024 07:58:22 GMT - 2.711 ms
POST - /api/verify - Sat, 15 Jun 2024 07:58:22 GMT - 59.533 ms
GET - /api/posts - Sat, 15 Jun 2024 07:58:25 GMT - 85.671 ms
POST - /api/login - Sat, 15 Jun 2024 08:01:18 GMT - 360.982 ms
GET - /api/posts - Sat, 15 Jun 2024 08:01:18 GMT - 89.297 ms
POST - /api/post - Sat, 15 Jun 2024 08:02:04 GMT - 198.828 ms
GET - /api/posts - Sat, 15 Jun 2024 08:02:05 GMT - 85.403 ms
GET - /admin/login - Sat, 15 Jun 2024 08:02:19 GMT - 15.712 ms
POST - /admin/login - Sat, 15 Jun 2024 08:02:30 GMT - 43.564 ms
GET - /admin/login - Sat, 15 Jun 2024 08:02:31 GMT - 17.235 ms
POST - /admin/login - Sat, 15 Jun 2024 08:02:46 GMT - 328.788 ms
GET - /admin/dashboard - Sat, 15 Jun 2024 08:02:46 GMT - 115.795 ms
POST - /admin/moderate - Sat, 15 Jun 2024 08:03:51 GMT - 55.309 ms
GET - /admin/dashboard - Sat, 15 Jun 2024 08:03:51 GMT - 81.433 ms
POST - /api/login - Sat, 15 Jun 2024 08:08:34 GMT - 185.847 ms
GET - /api/posts - Sat, 15 Jun 2024 08:08:34 GMT - 87.219 ms
POST - /api/post - Sat, 15 Jun 2024 08:08:41 GMT - 129.415 ms
GET - /api/posts - Sat, 15 Jun 2024 08:08:41 GMT - 82.593 ms
GET - /admin/dashboard - Sat, 15 Jun 2024 08:09:01 GMT - 102.038 ms
POST - /admin/moderate - Sat, 15 Jun 2024 08:09:04 GMT - 45.853 ms
GET - /admin/dashboard - Sat, 15 Jun 2024 08:09:04 GMT - 50.946 ms
POST - /api/verify - Sat, 15 Jun 2024 08:09:11 GMT - 43.178 ms
GET - /api/posts - Sat, 15 Jun 2024 08:09:11 GMT - 80.966 ms
GET - /api/post/666d4c095718ef18ccab5cad - Sat, 15 Jun 2024 08:09:27 GMT - 81.440 ms
GET - /api/posts - Sat, 15 Jun 2024 08:09:29 GMT - 81.624 ms
GET - /api/posts - Thu, 20 Jun 2024 13:06:43 GMT - 128.131 ms
GET - /api/posts - Thu, 20 Jun 2024 13:08:06 GMT - 1.167 ms
GET - /api/posts - Thu, 20 Jun 2024 13:08:22 GMT - 2.027 ms
GET - /api/posts - Thu, 20 Jun 2024 13:08:40 GMT - 1.984 ms
GET - /api/posts - Thu, 20 Jun 2024 13:08:45 GMT - 1.066 ms
GET - /api/posts - Thu, 20 Jun 2024 13:08:46 GMT - 0.895 ms
GET - /api/posts - Thu, 20 Jun 2024 13:08:47 GMT - 2.716 ms
GET - /api/posts - Thu, 20 Jun 2024 13:08:48 GMT - 1.331 ms
GET - /api/posts - Thu, 20 Jun 2024 13:08:49 GMT - 0.793 ms
GET - /api/posts - Thu, 20 Jun 2024 13:08:49 GMT - 0.880 ms
POST - /api/login - Thu, 20 Jun 2024 13:10:37 GMT - 49.143 ms
POST - /api/login - Thu, 20 Jun 2024 13:10:44 GMT - 46.862 ms
POST - /api/login - Thu, 20 Jun 2024 13:11:00 GMT - 240.425 ms
GET - /api/posts - Thu, 20 Jun 2024 13:11:00 GMT - 0.491 ms
GET - /api/posts - Thu, 20 Jun 2024 13:11:32 GMT - 0.625 ms
POST - /api/verify - Thu, 20 Jun 2024 13:11:32 GMT - 51.936 ms
GET - /api/posts - Thu, 20 Jun 2024 13:11:38 GMT - 0.700 ms
POST - /api/verify - Thu, 20 Jun 2024 13:11:38 GMT - 48.951 ms
POST - /api/post - Thu, 20 Jun 2024 13:12:21 GMT - 165.752 ms
GET - /api/posts - Thu, 20 Jun 2024 13:12:21 GMT - 98.132 ms
GET - /api/posts - Thu, 20 Jun 2024 13:12:33 GMT - 0.650 ms
POST - /api/verify - Thu, 20 Jun 2024 13:12:33 GMT - 53.433 ms
GET - /api/posts - Thu, 20 Jun 2024 13:12:43 GMT - 0.792 ms
POST - /api/verify - Thu, 20 Jun 2024 13:12:43 GMT - 50.390 ms
GET - /api/posts - Thu, 20 Jun 2024 13:12:44 GMT - 0.714 ms
POST - /api/verify - Thu, 20 Jun 2024 13:12:44 GMT - 49.556 ms
DELETE - /api/post/66742ab588c6177d9f6e2738 - Thu, 20 Jun 2024 13:12:49 GMT - 102.904 ms
GET - /api/posts - Thu, 20 Jun 2024 13:12:49 GMT - 95.048 ms
GET - /api/post/666d124475d433cbad78d945 - Thu, 20 Jun 2024 13:15:54 GMT - 89.921 ms
GET - /api/posts - Thu, 20 Jun 2024 13:15:56 GMT - 0.707 ms
GET - /api/post/666d13e775d433cbad78d970 - Thu, 20 Jun 2024 13:16:00 GMT - 90.995 ms
GET - /api/posts - Thu, 20 Jun 2024 13:16:03 GMT - 1.034 ms
GET - /api/post/666d1cc6289dd9234e21bb65 - Thu, 20 Jun 2024 13:16:05 GMT - 93.653 ms
GET - /api/posts - Thu, 20 Jun 2024 13:16:07 GMT - 0.564 ms
GET - /api/posts - Thu, 20 Jun 2024 13:25:06 GMT - 0.866 ms
POST - /api/verify - Thu, 20 Jun 2024 13:25:06 GMT - 46.649 ms
GET - /api/posts - Thu, 20 Jun 2024 13:49:17 GMT - 3.678 ms
POST - /api/verify - Thu, 20 Jun 2024 13:49:17 GMT - 60.388 ms
GET - /api/posts - Thu, 20 Jun 2024 13:49:18 GMT - 2.387 ms
POST - /api/verify - Thu, 20 Jun 2024 13:49:18 GMT - 46.242 ms
GET - /api/posts - Thu, 20 Jun 2024 13:49:19 GMT - 0.720 ms
POST - /api/verify - Thu, 20 Jun 2024 13:49:19 GMT - 48.258 ms
GET - /api/post/666d125775d433cbad78d949 - Thu, 20 Jun 2024 13:50:10 GMT - 99.166 ms
GET - /api/posts - Thu, 20 Jun 2024 13:50:13 GMT - 0.610 ms
GET - /api/post/666d124475d433cbad78d945 - Thu, 20 Jun 2024 13:50:15 GMT - 1.821 ms
GET - /api/posts - Thu, 20 Jun 2024 13:50:17 GMT - 0.936 ms
GET - /api/post/666d13e775d433cbad78d970 - Thu, 20 Jun 2024 13:50:20 GMT - 2.059 ms
GET - /api/posts - Thu, 20 Jun 2024 13:50:22 GMT - 0.669 ms
GET - /api/post/666d4c095718ef18ccab5cad - Thu, 20 Jun 2024 13:50:43 GMT - 93.373 ms
GET - /api/posts - Thu, 20 Jun 2024 13:50:45 GMT - 1.066 ms
GET - /api/post/666d1cc6289dd9234e21bb65 - Thu, 20 Jun 2024 13:50:47 GMT - 0.621 ms
GET - /api/posts - Thu, 20 Jun 2024 13:50:50 GMT - 0.698 ms
POST - /api/verify - Sat, 22 Jun 2024 03:19:22 GMT - 83.123 ms
GET - /api/posts - Sat, 22 Jun 2024 03:19:22 GMT - 140.628 ms
POST - /api/post - Sat, 22 Jun 2024 03:37:27 GMT - 178.018 ms
GET - /api/posts - Sat, 22 Jun 2024 03:37:27 GMT - 95.258 ms
GET - /api/posts - Sat, 22 Jun 2024 03:37:41 GMT - 1.555 ms
POST - /api/verify - Sat, 22 Jun 2024 03:37:41 GMT - 50.526 ms
POST - /api/post - Sat, 22 Jun 2024 04:00:14 GMT - 137.624 ms
GET - /api/posts - Sat, 22 Jun 2024 04:00:14 GMT - 100.222 ms
GET - /api/posts - Sat, 22 Jun 2024 04:00:21 GMT - 5.666 ms
POST - /api/verify - Sat, 22 Jun 2024 04:00:21 GMT - 80.008 ms
GET - /api/posts - Sat, 22 Jun 2024 04:16:19 GMT - 3.127 ms
POST - /api/verify - Sat, 22 Jun 2024 04:16:19 GMT - 346.051 ms
POST - /api/login - Sat, 22 Jun 2024 04:23:47 GMT - 4.233 ms
POST - /api/login - Sat, 22 Jun 2024 04:24:01 GMT - 223.719 ms
GET - /api/posts - Sat, 22 Jun 2024 04:24:01 GMT - 0.977 ms
GET - /api/posts - Sat, 22 Jun 2024 04:24:18 GMT - 1.748 ms
GET - /admin/dashboard - Sat, 22 Jun 2024 04:28:34 GMT - 3.085 ms
GET - /admin/login - Sat, 22 Jun 2024 04:28:37 GMT - 2368.316 ms
POST - /admin/login - Sat, 22 Jun 2024 04:30:17 GMT - 227.280 ms
GET - /admin/dashboard - Sat, 22 Jun 2024 04:30:18 GMT - 164.658 ms
GET - /api/posts - Sat, 22 Jun 2024 04:31:19 GMT - 1.268 ms
POST - /api/verify - Sat, 22 Jun 2024 04:31:19 GMT - 64.879 ms
POST - /api/post - Sat, 22 Jun 2024 04:32:07 GMT - 142.826 ms
GET - /api/posts - Sat, 22 Jun 2024 04:32:07 GMT - 98.275 ms
POST - /api/post - Sat, 22 Jun 2024 04:32:24 GMT - 112.996 ms
GET - /api/posts - Sat, 22 Jun 2024 04:32:24 GMT - 94.738 ms
GET - /admin/dashboard - Sat, 22 Jun 2024 04:32:29 GMT - 158.078 ms
